br00umdbapp01t: host is not accessible via ssh or passwordless ssh as root not allowed
br00utemapp01t: host is not accessible via ssh or passwordless ssh as root not allowed
br01orappl01h: host not pingable
brzdinfora01: host not pingable
hk1qbtrdcrt02: kernel-3.10.0-1160.99.1.el7.x86_64
hk1qvafeapp01: kernel-2.6.32-754.50.1.el6.x86_64
hk1qvafedb01: kernel-2.6.32-754.50.1.el6.x86_64
hk1qvphxcrt01: kernel-3.10.0-1160.99.1.el7.x86_64
hk1qvphxcrt02: kernel-3.10.0-1160.99.1.el7.x86_64
hk1qvphxcrt03: kernel-3.10.0-1160.99.1.el7.x86_64
hk1qvstr01: kernel-3.10.0-1160.108.1.el7.x86_64
hk1qvstr02: kernel-3.10.0-1160.108.1.el7.x86_64
hk1qvtrd01: kernel-3.10.0-1160.99.1.el7.x86_64
hk1qvtrdcrt01: kernel-3.10.0-1160.99.1.el7.x86_64
hkg1lx0009: kernel-3.10.0-1160.105.1.el7.x86_64
hkg1lx0014: kernel-3.10.0-1160.105.1.el7.x86_64
ldn1lx0011: kernel-3.10.0-1160.95.1.el7.x86_64
ldn1lx0013: kernel-3.10.0-1160.105.1.el7.x86_64
ldn1lx0038: kernel-3.10.0-1160.95.1.el7.x86_64
ldn1lx0040: kernel-3.10.0-1160.95.1.el7.x86_64
ldn1lx0047: kernel-3.10.0-1160.95.1.el7.x86_64
ldn1lx0049: kernel-3.10.0-1160.95.1.el7.x86_64
ldn1lx0050: kernel-3.10.0-1160.95.1.el7.x86_64
ldn1lx0051: kernel-3.10.0-1160.95.1.el7.x86_64
ldn1lx0053: kernel-3.10.0-1160.95.1.el7.x86_64
ldn1lx0054: kernel-3.10.0-1160.95.1.el7.x86_64
ldn1lx0055: kernel-3.10.0-1160.95.1.el7.x86_64
ldn1lx0056: kernel-3.10.0-1160.95.1.el7.x86_64
ldn1lx0057: kernel-3.10.0-1160.95.1.el7.x86_64
ldn1lx0058: kernel-3.10.0-1160.95.1.el7.x86_64
ldn1lx0059: kernel-3.10.0-1160.95.1.el7.x86_64
ldn1lx0060: kernel-3.10.0-1160.95.1.el7.x86_64
ldn1lx0061: kernel-3.10.0-1160.95.1.el7.x86_64
ldn1lx0062: kernel-3.10.0-1160.95.1.el7.x86_64
ldn1lx0063: kernel-3.10.0-1160.95.1.el7.x86_64
ldn1lx0064: kernel-3.10.0-1160.95.1.el7.x86_64
ldn1lx0065: kernel-3.10.0-1160.95.1.el7.x86_64
ldn1lx0066: kernel-3.10.0-1160.95.1.el7.x86_64
ldn1lx0104: kernel-3.10.0-957.12.2.el7.x86_64
ldn1lx0112: kernel-3.10.0-1160.36.2.el7.x86_64
ldn1lx0113: kernel-3.10.0-1160.36.2.el7.x86_64
ldn1lx0172: kernel-3.10.0-1160.36.2.el7.x86_64
ldn1lx0173: kernel-3.10.0-1160.36.2.el7.x86_64
ldn1lx0182: kernel-3.10.0-957.12.2.el7.x86_64
ldn1lx0183: kernel-3.10.0-957.12.2.el7.x86_64
ldn1lx1002: kernel-5.14.0-362.18.1.el9_3.x86_64
ldn1lx7005: kernel-3.10.0-1160.80.1.el7.x86_64
ldn1lx7006: kernel-3.10.0-1160.80.1.el7.x86_64
ldn1lx7020: kernel-3.10.0-1160.80.1.el7.x86_64
ldn1lx7021: kernel-3.10.0-1160.80.1.el7.x86_64
ldn1lx7028: kernel-3.10.0-1160.80.1.el7.x86_64
ldn1lx7029: kernel-3.10.0-1160.80.1.el7.x86_64
ldn1lx7032: kernel-3.10.0-1160.80.1.el7.x86_64
ldn1lx7033: kernel-3.10.0-1160.80.1.el7.x86_64
ldn1lx7038: kernel-3.10.0-1160.80.1.el7.x86_64
ldn1lx7040: kernel-3.10.0-1160.80.1.el7.x86_64
ldn1lx7042: kernel-3.10.0-1160.80.1.el7.x86_64
ldn1lx7044: kernel-3.10.0-1160.80.1.el7.x86_64
ldn1lx7048: kernel-3.10.0-1160.36.2.el7.x86_64
ldn1lx7050: kernel-3.10.0-1160.36.2.el7.x86_64
ldn1lx8051: kernel-3.10.0-1160.36.2.el7.x86_64
ldn1lx8060: kernel-3.10.0-1160.36.2.el7.x86_64
ldn1lx8151: kernel-3.10.0-1160.36.2.el7.x86_64
ldn1lx8152: kernel-3.10.0-1160.36.2.el7.x86_64
ldn2lx0001: kernel-5.14.0-362.18.1.el9_3.x86_64
ldn2lx0002: kernel-5.14.0-362.18.1.el9_3.x86_64
ldn2lx0003: kernel-3.10.0-1160.118.1.el7.x86_64
ldn2lx0005: kernel-5.14.0-362.18.1.el9_3.x86_64
ldn2lx0010: kernel-3.10.0-1160.95.1.el7.x86_64
ldn2lx0013: kernel-3.10.0-1160.105.1.el7.x86_64
ldn2lx0014: kernel-3.10.0-1160.36.2.el7.x86_64
ldn2lx0027: kernel-3.10.0-1160.36.2.el7.x86_64
ldn2lx0028: kernel-3.10.0-1160.36.2.el7.x86_64
ldn2lx0036: kernel-3.10.0-1160.36.2.el7.x86_64
ldn2lx0037: kernel-3.10.0-1160.36.2.el7.x86_64
ldn2lx0038: kernel-3.10.0-1160.36.2.el7.x86_64
ldn2lx0039: kernel-3.10.0-1160.36.2.el7.x86_64
ldn2lx0040: kernel-3.10.0-1160.36.2.el7.x86_64
ldn2lx0041: kernel-3.10.0-1160.36.2.el7.x86_64
ldn2lx0042: kernel-3.10.0-1160.36.2.el7.x86_64
ldn2lx0043: kernel-3.10.0-1160.36.2.el7.x86_64
ldn2lx0044: kernel-3.10.0-1160.36.2.el7.x86_64
ldn2lx0045: kernel-3.10.0-1160.36.2.el7.x86_64
ldn2lx0046: kernel-3.10.0-1160.36.2.el7.x86_64
ldn2lx0047: kernel-3.10.0-1160.36.2.el7.x86_64
ldn2lx0061: kernel-3.10.0-1160.36.2.el7.x86_64
ldn2lx0062: kernel-3.10.0-1160.36.2.el7.x86_64
ldn2lx0063: kernel-3.10.0-1160.36.2.el7.x86_64
ldn2lx0064: kernel-3.10.0-1160.36.2.el7.x86_64
ldn2lx0065: kernel-3.10.0-1160.36.2.el7.x86_64
ldn2lx0066: kernel-3.10.0-1160.36.2.el7.x86_64
ldn2lx0072: kernel-3.10.0-1160.36.2.el7.x86_64
ldn2lx0073: kernel-3.10.0-1160.36.2.el7.x86_64
ldn2lx0074: kernel-3.10.0-1160.36.2.el7.x86_64
ldn2lx0075: kernel-3.10.0-1160.36.2.el7.x86_64
ldn2lx0076: kernel-3.10.0-1160.105.1.el7.x86_64
ldn2lx0077: kernel-3.10.0-1160.105.1.el7.x86_64
ldn2lx0078: kernel-3.10.0-1160.99.1.el7.x86_64
ldn2lx0079: kernel-3.10.0-1160.36.2.el7.x86_64
ldn2lx0080: kernel-3.10.0-1160.99.1.el7.x86_64
ldn2lx0081: kernel-3.10.0-1160.36.2.el7.x86_64
ldn2lx0082: kernel-3.10.0-1160.36.2.el7.x86_64
ldn2lx0083: kernel-3.10.0-1160.36.2.el7.x86_64
ldn2lx0084: kernel-3.10.0-1160.36.2.el7.x86_64
ldn2lx0085: kernel-3.10.0-1160.105.1.el7.x86_64
ldn2lx0087: host not pingable
ldn2lx0088: host not pingable
ldn2lx0089: host not pingable
ldn2lx0090: host not pingable
ldn2lx0091: kernel-3.10.0-1160.105.1.el7.x86_64
ldn2lx0092: kernel-3.10.0-1160.36.2.el7.x86_64
ldn2lx0094: kernel-3.10.0-1160.36.2.el7.x86_64
ldn2lx0096: kernel-3.10.0-1160.36.2.el7.x86_64
ldn2lx0097: kernel-3.10.0-1160.36.2.el7.x86_64
ldn2lx0098: kernel-3.10.0-1160.36.2.el7.x86_64
ldn2lx0099: kernel-3.10.0-1160.36.2.el7.x86_64
ldn2lx0102: kernel-3.10.0-1160.36.2.el7.x86_64
ldn2lx0105: kernel-3.10.0-1160.36.2.el7.x86_64
ldn2lx0106: kernel-3.10.0-1160.36.2.el7.x86_64
ldn2lx0112: kernel-3.10.0-1160.36.2.el7.x86_64
ldn2lx0113: kernel-3.10.0-1160.36.2.el7.x86_64
ldn2lx0120: kernel-3.10.0-1160.36.2.el7.x86_64
ldn2lx0121: kernel-3.10.0-1160.36.2.el7.x86_64
ldn2lx0122: kernel-3.10.0-1160.36.2.el7.x86_64
ldn2lx0123: kernel-3.10.0-1160.36.2.el7.x86_64
ldn2lx0131: kernel-3.10.0-1160.92.1.el7.x86_64
ldn2lx0182: kernel-3.10.0-957.12.2.el7.x86_64
ldn2lx0183: kernel-3.10.0-957.12.2.el7.x86_64
ldn2lx0204: kernel-3.10.0-1160.95.1.el7.x86_64
ldn2lx0206: kernel-3.10.0-1160.95.1.el7.x86_64
ldn2lx1003: kernel-5.14.0-362.18.1.el9_3.x86_64
ldn2lx1004: kernel-5.14.0-362.18.1.el9_3.x86_64
ldn2lx1015: kernel-5.14.0-362.18.1.el9_3.x86_64
ldn2lx1017: kernel-5.14.0-362.13.1.el9_3.x86_64
ldn2lx4001: kernel-3.10.0-1160.99.1.el7.x86_64
ldn2lx7007: kernel-3.10.0-1160.80.1.el7.x86_64
ldn2lx7008: kernel-3.10.0-1160.80.1.el7.x86_64
ldn2lx7022: kernel-3.10.0-1160.80.1.el7.x86_64
ldn2lx7023: kernel-3.10.0-1160.80.1.el7.x86_64
ldn2lx7030: kernel-3.10.0-1160.80.1.el7.x86_64
ldn2lx7031: kernel-3.10.0-1160.80.1.el7.x86_64
ldn2lx7034: kernel-3.10.0-1160.80.1.el7.x86_64
ldn2lx7035: kernel-3.10.0-1160.80.1.el7.x86_64
ldn2lx7039: kernel-3.10.0-1160.80.1.el7.x86_64
ldn2lx7041: kernel-3.10.0-1160.80.1.el7.x86_64
ldn2lx7043: kernel-3.10.0-1160.80.1.el7.x86_64
ldn2lx7045: kernel-3.10.0-1160.80.1.el7.x86_64
ldn2lx7049: kernel-3.10.0-1160.36.2.el7.x86_64
ldn2lx7051: kernel-3.10.0-1160.36.2.el7.x86_64
ldn2lx8051: kernel-3.10.0-1160.36.2.el7.x86_64
ldn2lx8052: kernel-3.10.0-1160.36.2.el7.x86_64
ldn2lx8060: kernel-3.10.0-1160.36.2.el7.x86_64
ldn2lx8085: kernel-3.10.0-1160.99.1.el7.x86_64
ldn2lx8151: kernel-3.10.0-1160.36.2.el7.x86_64
ldn2lx8152: kernel-3.10.0-1160.36.2.el7.x86_64
ldn2lx9540: kernel-3.10.0-1160.36.2.el7.x86_64
ldn2lx9608: kernel-3.10.0-1160.105.1.el7.x86_64
ldn2lx9609: kernel-3.10.0-1160.105.1.el7.x86_64
ldndhdstsc02: kernel-2.6.18-419.el5
ldndhdstsd01: kernel-2.6.18-419.el5
ldndhdstsd02: kernel-2.6.18-419.el5
ldndiswapp02: kernel-3.10.0-957.5.1.el7.x86_64
ldnmiswbte01: kernel-3.10.0-1160.99.1.el7.x86_64
ldnmiswdgw01: kernel-3.10.0-1160.99.1.el7.x86_64
ldnmiswdgw03: kernel-3.10.0-1160.99.1.el7.x86_64
ldnmiswdgw05: kernel-3.10.0-1160.99.1.el7.x86_64
ldnmiswidb01: kernel-3.10.0-1160.99.1.el7.x86_64
ldnmiswmte01: kernel-3.10.0-1160.99.1.el7.x86_64
ldnpcmkmon01: kernel-3.10.0-1160.92.1.el7.x86_64
ldnprmsdb01: kernel-3.10.0-957.12.2.el7.x86_64
ldnprmsdb02: kernel-3.10.0-957.12.2.el7.x86_64
ldnqfdgapp01: kernel-2.6.32-642.13.2.el6.x86_64
ldnqiswbte02: kernel-3.10.0-1160.99.1.el7.x86_64
ldnqiswdgw02: kernel-3.10.0-1160.99.1.el7.x86_64
ldnqiswdgw04: kernel-3.10.0-1160.99.1.el7.x86_64
ldnqiswdgw06: kernel-3.10.0-1160.99.1.el7.x86_64
ldnqiswidb02: kernel-3.10.0-1160.99.1.el7.x86_64
ldnqiswmte02: kernel-3.10.0-1160.99.1.el7.x86_64
ldnufdgapp01: kernel-2.6.32-642.13.2.el6.x86_64
ldnufdgapp02: kernel-2.6.32-642.13.2.el6.x86_64
ldnuhdstsc01: kernel-2.6.18-419.el5
ldnuhdstsc02: kernel-2.6.18-419.el5
ldnuhdstsd01: host not pingable
ldnuhdstsd02: kernel-2.6.18-419.el5
nj1dbac02: kernel-3.10.0-1160.92.1.el7.x86_64
nj1dbac03: kernel-3.10.0-1160.92.1.el7.x86_64
nj1dbac05: kernel-3.10.0-1160.92.1.el7.x86_64
nj1dbac06: kernel-3.10.0-1160.92.1.el7.x86_64
nj1durdsapp02: kernel-3.10.0-1160.83.1.el7.x86_64
nj1qbac01: kernel-3.10.0-1160.92.1.el7.x86_64
nj1qbac02: kernel-3.10.0-1160.92.1.el7.x86_64
nj1qbac03: kernel-3.10.0-1160.92.1.el7.x86_64
nj1qbhslp53: kernel-3.10.0-1160.108.1.el7.x86_64
nj1quanl01: kernel-3.10.0-1160.92.1.el7.x86_64
nj1quanl02: kernel-3.10.0-1160.92.1.el7.x86_64
nj1quanl03: kernel-3.10.0-1160.92.1.el7.x86_64
nj1quanl04: kernel-3.10.0-1160.92.1.el7.x86_64
nj1quanl05: kernel-3.10.0-1160.92.1.el7.x86_64
nj1quanl06: kernel-3.10.0-1160.92.1.el7.x86_64
nj1quflink03: kernel-3.10.0-1160.92.1.el7.x86_64
nj1quflink04: kernel-3.10.0-1160.92.1.el7.x86_64
nj1quflink05: host not pingable
nj1quflink10: kernel-3.10.0-1160.92.1.el7.x86_64
nj1quflink11: kernel-3.10.0-1160.92.1.el7.x86_64
nj1quflink12: kernel-3.10.0-1160.92.1.el7.x86_64
nj1quflink13: kernel-3.10.0-1160.92.1.el7.x86_64
nj1quflink14: kernel-3.10.0-1160.92.1.el7.x86_64
nj1quflink15: kernel-3.10.0-1160.92.1.el7.x86_64
nj1qukac3n02: host not pingable
nj1qukafka02: host not pingable
nj1qutpoint01: kernel-3.10.0-1160.92.1.el7.x86_64
njc1lx0008: kernel-3.10.0-1160.36.2.el7.x86_64
njc1lx0021: kernel-3.10.0-1160.36.2.el7.x86_64
njc1lx0040: kernel-3.10.0-1160.83.1.el7.x86_64
njc1lx0041: kernel-3.10.0-1160.83.1.el7.x86_64
njc1lx0044: kernel-3.10.0-1160.99.1.el7.x86_64
njc1lx0049: kernel-3.10.0-1160.83.1.el7.x86_64
njc1lx0067: kernel-3.10.0-1160.83.1.el7.x86_64
njc1lx0079: kernel-3.10.0-1160.83.1.el7.x86_64
njc1lx0087: kernel-3.10.0-1160.92.1.el7.x86_64
njc1lx0093: kernel-3.10.0-1160.108.1.el7.x86_64
njc1lx0149: kernel-3.10.0-1160.92.1.el7.x86_64
njc1lx0159: kernel-3.10.0-1160.92.1.el7.x86_64
njc1lx0164: kernel-3.10.0-1160.92.1.el7.x86_64
njc1lx0165: kernel-3.10.0-1160.92.1.el7.x86_64
njc1lx0166: kernel-3.10.0-1160.92.1.el7.x86_64
njc1lx0209: kernel-3.10.0-1160.92.1.el7.x86_64
njc1lx0222: kernel-3.10.0-1160.83.1.el7.x86_64
njc1lx0227: kernel-3.10.0-1160.92.1.el7.x86_64
njc1lx0229: kernel-3.10.0-1160.83.1.el7.x86_64
njc1lx0233: kernel-3.10.0-1160.92.1.el7.x86_64
njc1lx0258: kernel-3.10.0-1160.92.1.el7.x86_64
njc1lx0259: kernel-3.10.0-1160.92.1.el7.x86_64
njc1lx0271: kernel-3.10.0-1160.92.1.el7.x86_64
njc1lx0274: kernel-3.10.0-1160.92.1.el7.x86_64
njc1lx0291: kernel-3.10.0-1160.92.1.el7.x86_64
njc1lx0293: kernel-3.10.0-1160.92.1.el7.x86_64
njc1lx0311: kernel-3.10.0-1160.83.1.el7.x86_64
njc1lx0337: kernel-3.10.0-1160.92.1.el7.x86_64
njc1lx0348: kernel-3.10.0-1160.92.1.el7.x86_64
njc1lx0349: host not pingable
njc1lx0356: kernel-3.10.0-1160.83.1.el7.x86_64
njc1lx0357: kernel-3.10.0-1160.92.1.el7.x86_64
njc1lx0368: kernel-3.10.0-1160.92.1.el7.x86_64
njc1lx0370: kernel-3.10.0-1160.92.1.el7.x86_64
njc1lx0413: kernel-3.10.0-1160.92.1.el7.x86_64
njc1lx0423: kernel-3.10.0-1160.92.1.el7.x86_64
njc1lx0426: host not pingable
njc1lx0427: kernel-3.10.0-1160.92.1.el7.x86_64
njc1lx0428: kernel-3.10.0-1160.92.1.el7.x86_64
njc1lx0432: kernel-3.10.0-1160.83.1.el7.x86_64
njc1lx0437: kernel-3.10.0-1160.92.1.el7.x86_64
njc1lx0442: kernel-3.10.0-1160.83.1.el7.x86_64
njc1lx0445: kernel-3.10.0-1160.92.1.el7.x86_64
njc1lx0461: kernel-3.10.0-1160.92.1.el7.x86_64
njc1lx0479: kernel-3.10.0-1160.92.1.el7.x86_64
njc1lx0484: kernel-3.10.0-1160.95.1.el7.x86_64
njc1lx0495: kernel-3.10.0-1160.92.1.el7.x86_64
njc1lx0503: kernel-5.14.0-284.30.1.el9_2.x86_64
njc1lx0509: kernel-3.10.0-1160.108.1.el7.x86_64
njc1lx0511: kernel-3.10.0-1160.83.1.el7.x86_64
njc1lx0518: kernel-3.10.0-1160.83.1.el7.x86_64
njc1lx0528: kernel-3.10.0-1160.108.1.el7.x86_64
njc1lx0560: kernel-3.10.0-1160.108.1.el7.x86_64
njc1lx0567: kernel-3.10.0-1160.83.1.el7.x86_64
njc1lx0584: kernel-3.10.0-1160.108.1.el7.x86_64
njc1lx0585: kernel-3.10.0-1160.108.1.el7.x86_64
njc1lx0618: kernel-3.10.0-1160.83.1.el7.x86_64
njc1lx0621: kernel-5.14.0-284.18.1.el9_2.x86_64
njc1lx0635: kernel-3.10.0-1160.80.1.el7.x86_64
njc1lx0639: kernel-5.14.0-284.18.1.el9_2.x86_64
njc1lx0640: kernel-3.10.0-1160.108.1.el7.x86_64
njc1lx0649: kernel-5.14.0-284.30.1.el9_2.x86_64
njc1lx0657: kernel-3.10.0-1160.108.1.el7.x86_64
njc1lx0706: kernel-3.10.0-1160.108.1.el7.x86_64
njc1lx0745: kernel-3.10.0-1160.83.1.el7.x86_64
njc1lx0746: kernel-3.10.0-1160.108.1.el7.x86_64
njc1lx0766: kernel-3.10.0-1160.83.1.el7.x86_64
njc1lx0767: kernel-3.10.0-1160.108.1.el7.x86_64
njc1lx0781: kernel-3.10.0-1160.83.1.el7.x86_64
njc1lx0789: kernel-3.10.0-1160.83.1.el7.x86_64
njc1lx0820: kernel-3.10.0-1160.108.1.el7.x86_64
njc1lx0829: kernel-3.10.0-1160.108.1.el7.x86_64
njc1lx0836: kernel-3.10.0-1160.83.1.el7.x86_64
njc1lx0881: kernel-3.10.0-1160.108.1.el7.x86_64
njc1lx0888: kernel-3.10.0-1160.83.1.el7.x86_64
njc1lx0900: kernel-3.10.0-1160.108.1.el7.x86_64
njc1lx0950: kernel-5.14.0-284.18.1.el9_2.x86_64
njc1lx0955: kernel-3.10.0-1160.83.1.el7.x86_64
njc1lx0964: kernel-3.10.0-1160.83.1.el7.x86_64
njc1lx0968: kernel-3.10.0-1160.83.1.el7.x86_64
njc1lx0973: kernel-3.10.0-1160.83.1.el7.x86_64
njc1lx0976: kernel-3.10.0-1160.108.1.el7.x86_64
njc1lx1006: kernel-3.10.0-1160.83.1.el7.x86_64
njc1lx1009: kernel-3.10.0-1160.83.1.el7.x86_64
njc1lx1020: kernel-3.10.0-1160.83.1.el7.x86_64
njc1lx1022: kernel-3.10.0-1160.83.1.el7.x86_64
njc1lx1028: kernel-5.14.0-284.30.1.el9_2.x86_64
njc1lx1035: kernel-3.10.0-1160.83.1.el7.x86_64
njc1lx1054: kernel-5.14.0-284.18.1.el9_2.x86_64
njc1lx1056: kernel-3.10.0-1160.80.1.el7.x86_64
njc1lx1062: kernel-3.10.0-1160.80.1.el7.x86_64
njc1lx1081: kernel-3.10.0-1160.83.1.el7.x86_64
njc1lx1093: kernel-3.10.0-1160.83.1.el7.x86_64
njc1lx1130: kernel-3.10.0-1160.108.1.el7.x86_64
njc1lx1132: kernel-3.10.0-1160.83.1.el7.x86_64
njc1lx1148: kernel-3.10.0-1160.83.1.el7.x86_64
njc1lx1168: kernel-3.10.0-1160.83.1.el7.x86_64
njc1lx1178: kernel-3.10.0-1160.83.1.el7.x86_64
njc1lx1202: kernel-3.10.0-1160.83.1.el7.x86_64
njc1lx1205: kernel-3.10.0-1160.83.1.el7.x86_64
njc1lx1225: kernel-3.10.0-1160.108.1.el7.x86_64
njc1lx1240: kernel-5.14.0-284.18.1.el9_2.x86_64
njc1lx1247: kernel-3.10.0-1160.83.1.el7.x86_64
njc1lx1250: kernel-3.10.0-1160.83.1.el7.x86_64
njc1lx1255: kernel-3.10.0-1160.92.1.el7.x86_64
njc1lx1260: kernel-3.10.0-1160.83.1.el7.x86_64
njc1lx1273: kernel-3.10.0-1160.80.1.el7.x86_64
njc1lx1281: kernel-3.10.0-1160.83.1.el7.x86_64
njc1lx1307: kernel-3.10.0-1160.83.1.el7.x86_64
njc1lx1309: kernel-3.10.0-1160.83.1.el7.x86_64
njc1lx1317: kernel-3.10.0-1160.108.1.el7.x86_64
njc1lx1323: kernel-3.10.0-1160.83.1.el7.x86_64
njc1lx1336: kernel-3.10.0-1160.83.1.el7.x86_64
njc1lx1342: kernel-3.10.0-1160.108.1.el7.x86_64
njc1lx1354: kernel-3.10.0-1160.83.1.el7.x86_64
njc1lx1372: kernel-3.10.0-1160.83.1.el7.x86_64
njc1lx1375: kernel-3.10.0-1160.83.1.el7.x86_64
njc1lx1389: kernel-3.10.0-1160.108.1.el7.x86_64
njc1lx1415: kernel-3.10.0-1160.108.1.el7.x86_64
njc1lx1419: kernel-3.10.0-1160.108.1.el7.x86_64
njc1lx1430: kernel-3.10.0-1160.108.1.el7.x86_64
njc1lx1438: kernel-3.10.0-1160.83.1.el7.x86_64
njc1lx1475: kernel-3.10.0-1160.108.1.el7.x86_64
njc1lx1486: kernel-