AllowDeleteTo ""
AllowReadTo ""
AllowWriteTo ""
MaxDiskUsage 104857600
MaxEventLifespan 90
MaxNumEvents 100000
DomainSeparator "\\"
SpaceReplacement "^"
EnableEventlog false
SaslMaxBufSize 16777215
Providers "ActiveDirectory"
DisplayMotd false
PAMLogLevel "error"
UserNotAllowedError "Access denied"
NssApplyAccessControl false
AssumeDefaultDomain true
CreateHomeDir true
CreateK5Login true
SyncSystemTime true
TrimUserMembership true
LdapSignAndSeal false
LogADNetworkConnectionEvents true
NssEnumerationEnabled true
NssGroupMembersQueryCacheOnly true
NssUserMembershipQueryCacheOnly false
RefreshUserCredentials true
CacheEntryExpiry 14400
DomainManagerCheckDomainOnlineInterval 300
DomainManagerUnknownDomainCacheTimeout 3600
MachinePasswordLifespan 2592000
ServicePrincipalName "host"
MemoryCacheSizeCap 0
HomeDirForceLowercase false
HomeDirPrefix "/export/home"
HomeDirTemplate "%H/local/%D/%U"
RemoteHomeDirTemplate ""
HomeDirUmask "022"
LoginShellTemplate "/bin/bash"
SkeletonDirs "/etc/skel"
UserDomainPrefix ""
DomainManagerIgnoreAllTrusts false
DomainManagerIncludeTrustsList
DomainManagerExcludeTrustsList
RequireMembershipOf "Eur\\unix^admin" "Eur\\unix^administrators" "NA\\unixadm" "NA\\engineering_read" "CORP\\corp-unixsa-linux"
Local_AcceptNTLMv1 true
Local_HomeDirTemplate "%H/local/%D/%U"
Local_HomeDirUmask "022"
Local_LoginShellTemplate "/bin/sh"
Local_SkeletonDirs "/etc/skel"
UserMonitorCheckInterval 1800
LsassAutostart true
EventlogAutostart true
BlacklistDC