[sssd]
domains = corp.ad.tullib.com
config_file_version = 2
services = nss, pam

[domain/corp.ad.tullib.com]
#ad_site = _ldap._tcp.London-ARK._sites.corp.ad.tullib.com
debug_level = 9
ad_site = London-ARK
ad_domain = corp.ad.tullib.com
krb5_realm = CORP.AD.TULLIB.COM
realmd_tags = manages-system joined-with-samba
cache_credentials = True
id_provider = ad
krb5_store_password_if_offline = True
default_shell = /bin/bash
ldap_id_mapping = True
use_fully_qualified_names = False
fallback_homedir = /home/%u
access_provider = simple
simple_allow_groups = $, corp-unixsa-linux, corp-dbas-linux, GCSEAdmins
simple_allow_users = $