ldnprmsdb01.eur.ad.tullib.com: Red Hat Enterprise Linux Server release 7.6 (Maipo)
ldnprmsdb02.eur.ad.tullib.com: Red Hat Enterprise Linux Server release 7.6 (Maipo)
ldnprmsdb03.corp.ad.tullib.com: Red Hat Enterprise Linux Server release 7.6 (Maipo)
ldn1lx8001.corp.ad.tullib.com: Red Hat Enterprise Linux Server release 7.6 (Maipo)
ldn1lx8002.corp.ad.tullib.com: Red Hat Enterprise Linux Server release 7.6 (Maipo)
ldn1lx8003.corp.ad.tullib.com: Red Hat Enterprise Linux Server release 7.6 (Maipo)
ldn1lx8004.corp.ad.tullib.com: Red Hat Enterprise Linux Server release 7.6 (Maipo)
ldn2lx8001.corp.ad.tullib.com: Red Hat Enterprise Linux Server release 7.6 (Maipo)
ldn2lx8002.corp.ad.tullib.com: Red Hat Enterprise Linux Server release 7.6 (Maipo)
ldn2lx8003.corp.ad.tullib.com: Red Hat Enterprise Linux Server release 7.6 (Maipo)
ldn2lx8004.corp.ad.tullib.com: Red Hat Enterprise Linux Server release 7.6 (Maipo)
ukguibos1p: Red Hat Enterprise Linux Server release 5.11 (Tikanga)
ukguibos2p: Red Hat Enterprise Linux Server release 5.11 (Tikanga)
ukprof1p: SunOS 5.10
usdrora10pn1: Red Hat Enterprise Linux Server release 6.8 (Santiago)
usdrora10pn2: Red Hat Enterprise Linux Server release 6.8 (Santiago)
usdrora03p: Red Hat Enterprise Linux Server release 5.3 (Tikanga)
usprora10pn1: Red Hat Enterprise Linux Server release 6.8 (Santiago)
usprora10pn2: Red Hat Enterprise Linux Server release 6.8 (Santiago)
usprora12pn1: host not pingable
usprora12pn2: host not pingable
usdrora12pn1: Red Hat Enterprise Linux Server release 5.9 (Tikanga)
usdrora12pn2: Red Hat Enterprise Linux Server release 5.9 (Tikanga)
us00ubosora01p: Red Hat Enterprise Linux Server release 5.11 (Tikanga)
us01ubosora01p: Red Hat Enterprise Linux Server release 5.11 (Tikanga)
usprora01p: host not pingable
br1lx0001.br.icap.com: Red Hat Enterprise Linux Server release 7.9 (Maipo)
br2lx0001.br.icap.com: Red Hat Enterprise Linux Server release 7.6 (Maipo)
us00uoraoem01p: Red Hat Enterprise Linux Server release 5.8 (Tikanga)
us01uoraoem01p: Red Hat Enterprise Linux Server release 5.8 (Tikanga)
njc1lx8001.corp.ad.tullib.com: Red Hat Enterprise Linux Server release 7.9 (Maipo)
njc2lx8001.corp.ad.tullib.com: Red Hat Enterprise Linux Server release 7.9 (Maipo)
njc1lx8002.corp.ad.tullib.com: Red Hat Enterprise Linux Server release 7.9 (Maipo)
njc2lx8002.corp.ad.tullib.com: Red Hat Enterprise Linux Server release 7.9 (Maipo)
njc1lx8003.corp.ad.tullib.com: Red Hat Enterprise Linux Server release 7.9 (Maipo)
njc2lx8003.corp.ad.tullib.com: Red Hat Enterprise Linux Server release 7.9 (Maipo)
njc1lx8004.corp.ad.tullib.com: Red Hat Enterprise Linux Server release 7.9 (Maipo)
njc2lx8004.corp.ad.tullib.com: Red Hat Enterprise Linux Server release 7.9 (Maipo)
njc1lx8005.corp.ad.tullib.com: Red Hat Enterprise Linux Server release 7.9 (Maipo)
njc2lx8005.corp.ad.tullib.com: Red Hat Enterprise Linux Server release 7.9 (Maipo)
njc1lx8006.corp.ad.tullib.com: Red Hat Enterprise Linux Server release 7.9 (Maipo)
njc2lx8006.corp.ad.tullib.com: Red Hat Enterprise Linux Server release 7.9 (Maipo)
njc1lx8007.corp.ad.tullib.com: Red Hat Enterprise Linux Server release 7.9 (Maipo)
njc2lx8007.corp.ad.tullib.com: Red Hat Enterprise Linux Server release 7.9 (Maipo)
njc1lx8008.corp.ad.tullib.com: Red Hat Enterprise Linux Server release 7.9 (Maipo)
njc2lx8008.corp.ad.tullib.com: Red Hat Enterprise Linux Server release 7.9 (Maipo)
