au1etcbroker1s             : ok=0    changed=0    unreachable=1    failed=0    skipped=0    rescued=0    ignored=0   
au1etcbroker2dr            : ok=0    changed=0    unreachable=1    failed=0    skipped=0    rescued=0    ignored=0   
au1etctrader1dr            : ok=0    changed=0    unreachable=1    failed=0    skipped=0    rescued=0    ignored=0   
au1etctrader1s             : ok=0    changed=0    unreachable=1    failed=0    skipped=0    rescued=0    ignored=0   
au1etctrader2dr            : ok=0    changed=0    unreachable=1    failed=0    skipped=0    rescued=0    ignored=0   
au1etctrader2s             : ok=0    changed=0    unreachable=1    failed=0    skipped=0    rescued=0    ignored=0   
hk1cvaads01                : ok=0    changed=0    unreachable=1    failed=0    skipped=0    rescued=0    ignored=0   
hk1cvaam11                 : ok=0    changed=0    unreachable=1    failed=0    skipped=0    rescued=0    ignored=0   
hk1cvaes11                 : ok=0    changed=0    unreachable=1    failed=0    skipped=0    rescued=0    ignored=0   
hk1cvbreeze01              : ok=0    changed=0    unreachable=1    failed=0    skipped=0    rescued=0    ignored=0   
hk1cvcaps01                : ok=4    changed=4    unreachable=0    failed=1    skipped=0    rescued=0    ignored=0   
hk1cvcm11                  : ok=0    changed=0    unreachable=1    failed=0    skipped=0    rescued=0    ignored=0   
hk1cvcm12                  : ok=0    changed=0    unreachable=1    failed=0    skipped=0    rescued=0    ignored=0   
hk1cvitrsdbpd01            : ok=4    changed=4    unreachable=0    failed=1    skipped=0    rescued=0    ignored=0   
hk1cvitrsdbpd02            : ok=4    changed=4    unreachable=0    failed=1    skipped=0    rescued=0    ignored=0   
hk1cvitrsdbpd101           : ok=4    changed=4    unreachable=0    failed=1    skipped=0    rescued=0    ignored=0   
hk1cvitrsdbpd102           : ok=4    changed=4    unreachable=0    failed=1    skipped=0    rescued=0    ignored=0   
hk1cvitrsgwpd01            : ok=4    changed=4    unreachable=0    failed=1    skipped=0    rescued=0    ignored=0   
hk1cvitrsgwpd02            : ok=4    changed=4    unreachable=0    failed=1    skipped=0    rescued=0    ignored=0   
hk1cvitrsgwpd05            : ok=4    changed=4    unreachable=0    failed=1    skipped=0    rescued=0    ignored=0   
hk1cvitrsgwpd06            : ok=4    changed=4    unreachable=0    failed=1    skipped=0    rescued=0    ignored=0   
hk1cvitrssnmppd01          : ok=4    changed=4    unreachable=0    failed=1    skipped=0    rescued=0    ignored=0   
hk1cvitrssnmppd02          : ok=4    changed=4    unreachable=0    failed=1    skipped=0    rescued=0    ignored=0   
hk1cvsalg11                : ok=0    changed=0    unreachable=1    failed=0    skipped=0    rescued=0    ignored=0   
hk1cvsessionmgmt11         : ok=0    changed=0    unreachable=1    failed=0    skipped=0    rescued=0    ignored=0   
hk1cvsm11                  : ok=0    changed=0    unreachable=1    failed=0    skipped=0    rescued=0    ignored=0   
hk1cvvms01                 : ok=0    changed=0    unreachable=1    failed=0    skipped=0    rescued=0    ignored=0   
hk1cvvms02                 : ok=0    changed=0    unreachable=1    failed=0    skipped=0    rescued=0    ignored=0   
hk1cvzenoss01              : ok=0    changed=0    unreachable=1    failed=0    skipped=0    rescued=0    ignored=0   
hk1cvzenoss02              : ok=0    changed=0    unreachable=1    failed=0    skipped=0    rescued=0    ignored=0   
hk1padh01                  : ok=4    changed=4    unreachable=0    failed=1    skipped=0    rescued=0    ignored=0   
hk1padh02                  : ok=4    changed=4    unreachable=0    failed=1    skipped=0    rescued=0    ignored=0   
hk1padh03                  : ok=4    changed=4    unreachable=0    failed=1    skipped=0    rescued=0    ignored=0   
hk1padh04                  : ok=4    changed=4    unreachable=0    failed=1    skipped=0    rescued=0    ignored=0   
hk1pads01                  : ok=4    changed=4    unreachable=0    failed=1    skipped=0    rescued=0    ignored=0   
hk1pads02                  : ok=4    changed=4    unreachable=0    failed=1    skipped=0    rescued=0    ignored=0   
hk1pads03                  : ok=4    changed=4    unreachable=0    failed=1    skipped=0    rescued=0    ignored=0   
hk1pads04                  : ok=4    changed=4    unreachable=0    failed=1    skipped=0    rescued=0    ignored=0   
hk1pbac01                  : ok=4    changed=4    unreachable=0    failed=1    skipped=0    rescued=0    ignored=0   
hk1pbac02                  : ok=4    changed=4    unreachable=0    failed=1    skipped=0    rescued=0    ignored=0   
hk1pbac03                  : ok=4    changed=4    unreachable=0    failed=1    skipped=0    rescued=0    ignored=0   
hk1pbslp02                 : ok=4    changed=4    unreachable=0    failed=1    skipped=0    rescued=0    ignored=0   
hk1pbtrd01                 : ok=4    changed=4    unreachable=0    failed=1    skipped=0    rescued=0    ignored=0   
hk1pbtrd03                 : ok=4    changed=4    unreachable=0    failed=1    skipped=0    rescued=0    ignored=0   
hk1pbtrdbk01               : ok=4    changed=4    unreachable=0    failed=1    skipped=0    rescued=0    ignored=0   
hk1pdns01                  : ok=0    changed=0    unreachable=1    failed=0    skipped=0    rescued=0    ignored=0   
hk1pdns02                  : ok=0    changed=0    unreachable=1    failed=0    skipped=0    rescued=0    ignored=0   
hk1psol01                  : ok=0    changed=0    unreachable=1    failed=0    skipped=0    rescued=0    ignored=0   
hk1psol02                  : ok=0    changed=0    unreachable=1    failed=0    skipped=0    rescued=0    ignored=0   
hk1psoluat01               : ok=0    changed=0    unreachable=1    failed=0    skipped=0    rescued=0    ignored=0   
hk1puanl01                 : ok=4    changed=4    unreachable=0    failed=1    skipped=0    rescued=0    ignored=0   
hk1puanl02                 : ok=4    changed=4    unreachable=0    failed=1    skipped=0    rescued=0    ignored=0   
hk1pullmsg01               : ok=4    changed=4    unreachable=0    failed=1    skipped=0    rescued=0    ignored=0   
hk1pullmsg02               : ok=4    changed=4    unreachable=0    failed=1    skipped=0    rescued=0    ignored=0   
hk1pullmsg03               : ok=4    changed=4    unreachable=0    failed=1    skipped=0    rescued=0    ignored=0   
hk1puphxcl01               : ok=4    changed=4    unreachable=0    failed=1    skipped=0    rescued=0    ignored=0   
hk1puphxcl02               : ok=4    changed=4    unreachable=0    failed=1    skipped=0    rescued=0    ignored=0   
hk1puphxdc01               : ok=4    changed=4    unreachable=0    failed=1    skipped=0    rescued=0    ignored=0   
hk1puphxdc02               : ok=4    changed=4    unreachable=0    failed=1    skipped=0    rescued=0    ignored=0   
hk1puphxex01               : ok=4    changed=4    unreachable=0    failed=1    skipped=0    rescued=0    ignored=0   
hk1puphxex02               : ok=4    changed=4    unreachable=0    failed=1    skipped=0    rescued=0    ignored=0   
hk1pustr01                 : ok=4    changed=4    unreachable=0    failed=1    skipped=0    rescued=0    ignored=0   
hk1pustr02                 : ok=4    changed=4    unreachable=0    failed=1    skipped=0    rescued=0    ignored=0   
hk1pvafeapp011             : ok=0    changed=0    unreachable=1    failed=0    skipped=0    rescued=0    ignored=0   
hk1pvafeapp021             : ok=0    changed=0    unreachable=1    failed=0    skipped=0    rescued=0    ignored=0   
hk1pvafedb011              : ok=0    changed=0    unreachable=1    failed=0    skipped=0    rescued=0    ignored=0   
hk1pvafedb021              : ok=0    changed=0    unreachable=1    failed=0    skipped=0    rescued=0    ignored=0   
hk1pvstaslp01              : ok=4    changed=4    unreachable=0    failed=1    skipped=0    rescued=0    ignored=0   
hk1pvtpoint01              : ok=4    changed=4    unreachable=0    failed=1    skipped=0    rescued=0    ignored=0   
hk1pvtpoint02              : ok=4    changed=4    unreachable=0    failed=1    skipped=0    rescued=0    ignored=0   
hk1qadh01                  : ok=4    changed=4    unreachable=0    failed=1    skipped=0    rescued=0    ignored=0   
hk1qadh02                  : ok=4    changed=4    unreachable=0    failed=1    skipped=0    rescued=0    ignored=0   
hk1qads01                  : ok=4    changed=4    unreachable=0    failed=1    skipped=0    rescued=0    ignored=0   
hk1qads02                  : ok=4    changed=4    unreachable=0    failed=1    skipped=0    rescued=0    ignored=0   
hk1qbtrdcrt02              : ok=4    changed=4    unreachable=0    failed=1    skipped=0    rescued=0    ignored=0   
hk1quanl01                 : ok=4    changed=4    unreachable=0    failed=1    skipped=0    rescued=0    ignored=0   
hk1quanl02                 : ok=4    changed=4    unreachable=0    failed=1    skipped=0    rescued=0    ignored=0   
hk1qvac01                  : ok=4    changed=4    unreachable=0    failed=1    skipped=0    rescued=0    ignored=0   
hk1qvac02                  : ok=4    changed=4    unreachable=0    failed=1    skipped=0    rescued=0    ignored=0   
hk1qvaccrt01               : ok=4    changed=4    unreachable=0    failed=1    skipped=0    rescued=0    ignored=0   
hk1qvaccrt02               : ok=4    changed=4    unreachable=0    failed=1    skipped=0    rescued=0    ignored=0   
hk1qvaccrt03               : ok=4    changed=4    unreachable=0    failed=1    skipped=0    rescued=0    ignored=0   
hk1qvafeapp01              : ok=0    changed=0    unreachable=1    failed=0    skipped=0    rescued=0    ignored=0   
hk1qvafedb01               : ok=0    changed=0    unreachable=1    failed=0    skipped=0    rescued=0    ignored=0   
hk1qvanl01                 : ok=4    changed=4    unreachable=0    failed=1    skipped=0    rescued=0    ignored=0   
hk1qvanl02                 : ok=4    changed=4    unreachable=0    failed=1    skipped=0    rescued=0    ignored=0   
hk1qvbcan01                : ok=4    changed=4    unreachable=0    failed=1    skipped=0    rescued=0    ignored=0   
hk1qvphxcl01               : ok=4    changed=4    unreachable=0    failed=1    skipped=0    rescued=0    ignored=0   
hk1qvphxcrt01              : ok=4    changed=4    unreachable=0    failed=1    skipped=0    rescued=0    ignored=0   
hk1qvphxcrt02              : ok=4    changed=4    unreachable=0    failed=1    skipped=0    rescued=0    ignored=0   
hk1qvphxcrt03              : ok=4    changed=4    unreachable=0    failed=1    skipped=0    rescued=0    ignored=0   
hk1qvphxdc01               : ok=4    changed=4    unreachable=0    failed=1    skipped=0    rescued=0    ignored=0   
hk1qvphxex01               : ok=4    changed=4    unreachable=0    failed=1    skipped=0    rescued=0    ignored=0   
hk1qvstr01                 : ok=4    changed=4    unreachable=0    failed=1    skipped=0    rescued=0    ignored=0   
hk1qvstr02                 : ok=4    changed=4    unreachable=0    failed=1    skipped=0    rescued=0    ignored=0   
hk1qvtest01                : ok=0    changed=0    unreachable=1    failed=0    skipped=0    rescued=0    ignored=0   
hk1qvtrd01                 : ok=4    changed=4    unreachable=0    failed=1    skipped=0    rescued=0    ignored=0   
hk1qvtrdcrt01              : ok=4    changed=4    unreachable=0    failed=1    skipped=0    rescued=0    ignored=0   
hkg1lx0001                 : ok=1    changed=1    unreachable=0    failed=1    skipped=0    rescued=0    ignored=0   
hkg1lx0005                 : ok=4    changed=4    unreachable=0    failed=1    skipped=0    rescued=0    ignored=0   
hkgp2ps01                  : ok=0    changed=0    unreachable=1    failed=0    skipped=0    rescued=0    ignored=0   
hkgp2ps02                  : ok=0    changed=0    unreachable=1    failed=0    skipped=0    rescued=0    ignored=0   
korp2ps01                  : ok=0    changed=0    unreachable=1    failed=0    skipped=0    rescued=0    ignored=0   
korp2ps02                  : ok=0    changed=0    unreachable=1    failed=0    skipped=0    rescued=0    ignored=0   
seo1lx0010                 : ok=1    changed=1    unreachable=0    failed=1    skipped=0    rescued=0    ignored=0   
seo1lx0011                 : ok=4    changed=4    unreachable=0    failed=1    skipped=0    rescued=0    ignored=0   
seo1lx0012                 : ok=1    changed=1    unreachable=0    failed=1    skipped=0    rescued=0    ignored=0   
seo1lx0013                 : ok=1    changed=1    unreachable=0    failed=1    skipped=0    rescued=0    ignored=0   
seo1lx0014                 : ok=1    changed=1    unreachable=0    failed=1    skipped=0    rescued=0    ignored=0   
seo1lx0015                 : ok=1    changed=1    unreachable=0    failed=1    skipped=0    rescued=0    ignored=0   
sg00aucmapp01p             : ok=0    changed=0    unreachable=1    failed=0    skipped=0    rescued=0    ignored=0   
sg00uimdmlk01p             : ok=4    changed=4    unreachable=0    failed=1    skipped=0    rescued=0    ignored=0   
sg01uimdadh01p             : ok=4    changed=4    unreachable=0    failed=1    skipped=0    rescued=0    ignored=0   
sg01uimdadh02p             : ok=4    changed=4    unreachable=0    failed=1    skipped=0    rescued=0    ignored=0   
sg01uimdmlk01p             : ok=4    changed=4    unreachable=0    failed=1    skipped=0    rescued=0    ignored=0   
sg1pdsclinux01             : ok=0    changed=0    unreachable=1    failed=0    skipped=0    rescued=0    ignored=0   
shgp2ps01                  : ok=0    changed=0    unreachable=1    failed=0    skipped=0    rescued=0    ignored=0   
shgp2ps02                  : ok=0    changed=0    unreachable=1    failed=0    skipped=0    rescued=0    ignored=0   
sltpccoimp02               : ok=0    changed=0    unreachable=1    failed=0    skipped=0    rescued=0    ignored=0   
sltspcd01                  : ok=0    changed=0    unreachable=1    failed=0    skipped=0    rescued=0    ignored=0   
sng1lx0010                 : ok=1    changed=1    unreachable=0    failed=1    skipped=0    rescued=0    ignored=0   
sng1lx0011                 : ok=1    changed=1    unreachable=0    failed=1    skipped=0    rescued=0    ignored=0   
sng1lx0013                 : ok=1    changed=1    unreachable=0    failed=1    skipped=0    rescued=0    ignored=0   
sng1lx0014                 : ok=1    changed=1    unreachable=0    failed=1    skipped=0    rescued=0    ignored=0   
sng1lx0015                 : ok=4    changed=4    unreachable=0    failed=1    skipped=0    rescued=0    ignored=0   
sng1lx0016                 : ok=1    changed=1    unreachable=0    failed=1    skipped=0    rescued=0    ignored=0   
sng1lx0020                 : ok=1    changed=1    unreachable=0    failed=1    skipped=0    rescued=0    ignored=0   
sng1lx0021                 : ok=1    changed=1    unreachable=0    failed=1    skipped=0    rescued=0    ignored=0   
sng1lx0022                 : ok=1    changed=1    unreachable=0    failed=1    skipped=0    rescued=0    ignored=0   
sng1lx0023                 : ok=1    changed=1    unreachable=0    failed=1    skipped=0    rescued=0    ignored=0   
sng1lx0024                 : ok=1    changed=1    unreachable=0    failed=1    skipped=0    rescued=0    ignored=0   
sng1lx0025                 : ok=1    changed=1    unreachable=0    failed=1    skipped=0    rescued=0    ignored=0   
sng1lx0026                 : ok=1    changed=1    unreachable=0    failed=1    skipped=0    rescued=0    ignored=0   
sng1lx0027                 : ok=1    changed=1    unreachable=0    failed=1    skipped=0    rescued=0    ignored=0   
sng1lx0028                 : ok=1    changed=1    unreachable=0    failed=1    skipped=0    rescued=0    ignored=0   
sng1lx0029                 : ok=1    changed=1    unreachable=0    failed=1    skipped=0    rescued=0    ignored=0   
sng1lx0030                 : ok=1    changed=1    unreachable=0    failed=1    skipped=0    rescued=0    ignored=0   
sng1lx0031                 : ok=1    changed=1    unreachable=0    failed=1    skipped=0    rescued=0    ignored=0   
sng1lx0032                 : ok=1    changed=1    unreachable=0    failed=1    skipped=0    rescued=0    ignored=0   
sng1lx0033                 : ok=1    changed=1    unreachable=0    failed=1    skipped=0    rescued=0    ignored=0   
sng1lx0034                 : ok=1    changed=1    unreachable=0    failed=1    skipped=0    rescued=0    ignored=0   
sng1lx0035                 : ok=1    changed=1    unreachable=0    failed=1    skipped=0    rescued=0    ignored=0   
sng1lx0040                 : ok=1    changed=1    unreachable=0    failed=1    skipped=0    rescued=0    ignored=0   
sng1lx0041                 : ok=1    changed=1    unreachable=0    failed=1    skipped=0    rescued=0    ignored=0   
sng1lx0042                 : ok=1    changed=1    unreachable=0    failed=1    skipped=0    rescued=0    ignored=0   
sng1lx0043                 : ok=1    changed=1    unreachable=0    failed=1    skipped=0    rescued=0    ignored=0   
sng1lx0044                 : ok=1    changed=1    unreachable=0    failed=1    skipped=0    rescued=0    ignored=0   
sng1lx0045                 : ok=1    changed=1    unreachable=0    failed=1    skipped=0    rescued=0    ignored=0   
sng1lx0098                 : ok=1    changed=1    unreachable=0    failed=1    skipped=0    rescued=0    ignored=0   
sng1lx0099                 : ok=4    changed=4    unreachable=0    failed=1    skipped=0    rescued=0    ignored=0   
sng1lx0131                 : ok=1    changed=1    unreachable=0    failed=1    skipped=0    rescued=0    ignored=0   
sng1lx0134                 : ok=1    changed=1    unreachable=0    failed=1    skipped=0    rescued=0    ignored=0   
sng1lx8001                 : ok=1    changed=1    unreachable=0    failed=1    skipped=0    rescued=0    ignored=0   
sng2lx0001                 : ok=1    changed=1    unreachable=0    failed=1    skipped=0    rescued=0    ignored=0   
sng2lx0002                 : ok=1    changed=0    unreachable=0    failed=1    skipped=0    rescued=0    ignored=0   
sng2lx0003                 : ok=1    changed=1    unreachable=0    failed=1    skipped=0    rescued=0    ignored=0   
sng2lx0004                 : ok=1    changed=1    unreachable=0    failed=1    skipped=0    rescued=0    ignored=0   
sng2lx0005                 : ok=1    changed=1    unreachable=0    failed=1    skipped=0    rescued=0    ignored=0   
sng2lx0006                 : ok=1    changed=1    unreachable=0    failed=1    skipped=0    rescued=0    ignored=0   
sng2lx0007                 : ok=1    changed=1    unreachable=0    failed=1    skipped=0    rescued=0    ignored=0   
sng2lx0010                 : ok=1    changed=1    unreachable=0    failed=1    skipped=0    rescued=0    ignored=0   
sng2lx0011                 : ok=1    changed=1    unreachable=0    failed=1    skipped=0    rescued=0    ignored=0   
sng2lx0013                 : ok=1    changed=1    unreachable=0    failed=1    skipped=0    rescued=0    ignored=0   
sng2lx0014                 : ok=1    changed=1    unreachable=0    failed=1    skipped=0    rescued=0    ignored=0   
sng2lx0015                 : ok=1    changed=1    unreachable=0    failed=1    skipped=0    rescued=0    ignored=0   
sng2lx0016                 : ok=1    changed=1    unreachable=0    failed=1    skipped=0    rescued=0    ignored=0   
sng2lx0020                 : ok=1    changed=1    unreachable=0    failed=1    skipped=0    rescued=0    ignored=0   
sng2lx0021                 : ok=1    changed=1    unreachable=0    failed=1    skipped=0    rescued=0    ignored=0   
sng2lx0022                 : ok=1    changed=1    unreachable=0    failed=1    skipped=0    rescued=0    ignored=0   
sng2lx0023                 : ok=1    changed=1    unreachable=0    failed=1    skipped=0    rescued=0    ignored=0   
sng2lx0024                 : ok=1    changed=1    unreachable=0    failed=1    skipped=0    rescued=0    ignored=0   
sng2lx0025                 : ok=1    changed=1    unreachable=0    failed=1    skipped=0    rescued=0    ignored=0   
sng2lx0026                 : ok=1    changed=1    unreachable=0    failed=1    skipped=0    rescued=0    ignored=0   
sng2lx0027                 : ok=1    changed=1    unreachable=0    failed=1    skipped=0    rescued=0    ignored=0   
sng2lx0028                 : ok=1    changed=1    unreachable=0    failed=1    skipped=0    rescued=0    ignored=0   
sng2lx0029                 : ok=1    changed=1    unreachable=0    failed=1    skipped=0    rescued=0    ignored=0   
sng2lx0030                 : ok=1    changed=1    unreachable=0    failed=1    skipped=0    rescued=0    ignored=0   
sng2lx0031                 : ok=4    changed=4    unreachable=0    failed=1    skipped=0    rescued=0    ignored=0   
sng2lx0033                 : ok=1    changed=1    unreachable=0    failed=1    skipped=0    rescued=0    ignored=0   
sng2lx0034                 : ok=1    changed=1    unreachable=0    failed=1    skipped=0    rescued=0    ignored=0   
sng2lx0035                 : ok=1    changed=1    unreachable=0    failed=1    skipped=0    rescued=0    ignored=0   
sng2lx0037                 : ok=1    changed=1    unreachable=0    failed=1    skipped=0    rescued=0    ignored=0   
sng2lx0040                 : ok=1    changed=1    unreachable=0    failed=1    skipped=0    rescued=0    ignored=0   
sng2lx0041                 : ok=1    changed=1    unreachable=0    failed=1    skipped=0    rescued=0    ignored=0   
sng2lx0044                 : ok=1    changed=1    unreachable=0    failed=1    skipped=0    rescued=0    ignored=0   
sng2lx0045                 : ok=1    changed=1    unreachable=0    failed=1    skipped=0    rescued=0    ignored=0   
sng2lx0098                 : ok=1    changed=1    unreachable=0    failed=1    skipped=0    rescued=0    ignored=0   
sng2lx0134                 : ok=1    changed=1    unreachable=0    failed=1    skipped=0    rescued=0    ignored=0   
sngdinfuxm01               : ok=1    changed=1    unreachable=0    failed=1    skipped=0    rescued=0    ignored=0   
sngdslxgw01                : ok=0    changed=0    unreachable=1    failed=0    skipped=0    rescued=0    ignored=0   
sngdsotsrcuat01            : ok=4    changed=4    unreachable=0    failed=1    skipped=0    rescued=0    ignored=0   
sngdsotsrcuat02            : ok=4    changed=4    unreachable=0    failed=1    skipped=0    rescued=0    ignored=0   
sngharvsvr01               : ok=0    changed=0    unreachable=1    failed=0    skipped=0    rescued=0    ignored=0   
sngharvsvr02               : ok=0    changed=0    unreachable=1    failed=0    skipped=0    rescued=0    ignored=0   
sngpcmkmon01               : ok=1    changed=1    unreachable=0    failed=1    skipped=0    rescued=0    ignored=0   
sngpinfovw01               : ok=0    changed=0    unreachable=1    failed=0    skipped=0    rescued=0    ignored=0   
sngpinfuxm01               : ok=1    changed=1    unreachable=0    failed=1    skipped=0    rescued=0    ignored=0   
sngpisepsn01               : ok=0    changed=0    unreachable=1    failed=0    skipped=0    rescued=0    ignored=0   
sngpqvsova01               : ok=0    changed=0    unreachable=1    failed=0    skipped=0    rescued=0    ignored=0   
sngpqvsova02               : ok=0    changed=0    unreachable=1    failed=0    skipped=0    rescued=0    ignored=0   
sngpqvsova03               : ok=0    changed=0    unreachable=1    failed=0    skipped=0    rescued=0    ignored=0   
snguhdstscuat01            : ok=4    changed=4    unreachable=0    failed=1    skipped=0    rescued=0    ignored=0   
snguhdstscuat02            : ok=4    changed=4    unreachable=0    failed=1    skipped=0    rescued=0    ignored=0   
syd1lx0001                 : ok=1    changed=1    unreachable=0    failed=1    skipped=0    rescued=0    ignored=0   
syd1lx0005                 : ok=1    changed=1    unreachable=0    failed=1    skipped=0    rescued=0    ignored=0   
syd1lx0010                 : ok=1    changed=1    unreachable=0    failed=1    skipped=0    rescued=0    ignored=0   
syd1lx0011                 : ok=1    changed=1    unreachable=0    failed=1    skipped=0    rescued=0    ignored=0   
syd1lx0012                 : ok=1    changed=1    unreachable=0    failed=1    skipped=0    rescued=0    ignored=0   
syd1lx0013                 : ok=1    changed=1    unreachable=0    failed=1    skipped=0    rescued=0    ignored=0   
syd1lx0014                 : ok=1    changed=1    unreachable=0    failed=1    skipped=0    rescued=0    ignored=0   
syd1lx8001                 : ok=1    changed=1    unreachable=0    failed=1    skipped=0    rescued=0    ignored=0   
syd1lx8080                 : ok=1    changed=1    unreachable=0    failed=1    skipped=0    rescued=0    ignored=0   
syd2lx0001                 : ok=4    changed=1    unreachable=0    failed=1    skipped=0    rescued=0    ignored=0   
syd2lx0002                 : ok=1    changed=0    unreachable=0    failed=1    skipped=0    rescued=0    ignored=0   
syd2lx0003                 : ok=1    changed=0    unreachable=0    failed=1    skipped=0    rescued=0    ignored=0   
syd2lx0005                 : ok=1    changed=0    unreachable=0    failed=1    skipped=0    rescued=0    ignored=0   
syd2lx0010                 : ok=1    changed=0    unreachable=0    failed=1    skipped=0    rescued=0    ignored=0   
syd2lx0011                 : ok=1    changed=0    unreachable=0    failed=1    skipped=0    rescued=0    ignored=0   
syd2lx0012                 : ok=1    changed=0    unreachable=0    failed=1    skipped=0    rescued=0    ignored=0   
syd2lx0013                 : ok=1    changed=0    unreachable=0    failed=1    skipped=0    rescued=0    ignored=0   
syd2lx0014                 : ok=1    changed=0    unreachable=0    failed=1    skipped=0    rescued=0    ignored=0   
syd2lx0015                 : ok=1    changed=0    unreachable=0    failed=1    skipped=0    rescued=0    ignored=0   
syd2lx0016                 : ok=1    changed=0    unreachable=0    failed=1    skipped=0    rescued=0    ignored=0   
syd2lx0017                 : ok=1    changed=0    unreachable=0    failed=1    skipped=0    rescued=0    ignored=0   
syd2lx0018                 : ok=1    changed=0    unreachable=0    failed=1    skipped=0    rescued=0    ignored=0   
syd2lx0019                 : ok=1    changed=0    unreachable=0    failed=1    skipped=0    rescued=0    ignored=0   
syd2lx0020                 : ok=1    changed=0    unreachable=0    failed=1    skipped=0    rescued=0    ignored=0   
syd2lx0021                 : ok=1    changed=0    unreachable=0    failed=1    skipped=0    rescued=0    ignored=0   
syd2lx0022                 : ok=1    changed=0    unreachable=0    failed=1    skipped=0    rescued=0    ignored=0   
syd2lx0023                 : ok=1    changed=0    unreachable=0    failed=1    skipped=0    rescued=0    ignored=0   
syd2lx0024                 : ok=1    changed=0    unreachable=0    failed=1    skipped=0    rescued=0    ignored=0   
syd2lx8001                 : ok=1    changed=0    unreachable=0    failed=1    skipped=0    rescued=0    ignored=0   
syd2lx8051                 : ok=1    changed=0    unreachable=0    failed=1    skipped=0    rescued=0    ignored=0   
syd2lx8080                 : ok=1    changed=0    unreachable=0    failed=1    skipped=0    rescued=0    ignored=0   
syd2lx8085                 : ok=1    changed=0    unreachable=0    failed=1    skipped=0    rescued=0    ignored=0   
sydguibos1p                : ok=0    changed=0    unreachable=1    failed=0    skipped=0    rescued=0    ignored=0   
sydp2ps01                  : ok=0    changed=0    unreachable=1    failed=0    skipped=0    rescued=0    ignored=0   
sydp2ps02                  : ok=0    changed=0    unreachable=1    failed=0    skipped=0    rescued=0    ignored=0   
sydpinfuxm01               : ok=4    changed=4    unreachable=0    failed=1    skipped=0    rescued=0    ignored=0   
tk1pvmon01                 : ok=4    changed=4    unreachable=0    failed=1    skipped=0    rescued=0    ignored=0   
tk1pvmon011                : ok=0    changed=0    unreachable=1    failed=0    skipped=0    rescued=0    ignored=0   
tk1pvtos01                 : ok=4    changed=4    unreachable=0    failed=1    skipped=0    rescued=0    ignored=0   
tk1pvtos011                : ok=0    changed=0    unreachable=1    failed=0    skipped=0    rescued=0    ignored=0   
tk1pvtos021                : ok=0    changed=0    unreachable=1    failed=0    skipped=0    rescued=0    ignored=0   
tk1qvtos01                 : ok=0    changed=0    unreachable=1    failed=0    skipped=0    rescued=0    ignored=0   
tokbgd01                   : ok=0    changed=0    unreachable=1    failed=0    skipped=0    rescued=0    ignored=0   
tokdscb01                  : ok=0    changed=0    unreachable=1    failed=0    skipped=0    rescued=0    ignored=0   
tokdscb02                  : ok=0    changed=0    unreachable=1    failed=0    skipped=0    rescued=0    ignored=0   
tokdstck01                 : ok=0    changed=0    unreachable=1    failed=0    skipped=0    rescued=0    ignored=0   
tokdstck02                 : ok=0    changed=0    unreachable=1    failed=0    skipped=0    rescued=0    ignored=0   
tokp2ps01                  : ok=0    changed=0    unreachable=1    failed=0    skipped=0    rescued=0    ignored=0   
tokp2ps02                  : ok=0    changed=0    unreachable=1    failed=0    skipped=0    rescued=0    ignored=0   
tokpdsbads01               : ok=4    changed=4    unreachable=0    failed=1    skipped=0    rescued=0    ignored=0   
tokpdsbads02               : ok=4    changed=4    unreachable=0    failed=1    skipped=0    rescued=0    ignored=0   
tokrdfsrc01                : ok=0    changed=0    unreachable=1    failed=0    skipped=0    rescued=0    ignored=0   
tokrdfsrc02                : ok=0    changed=0    unreachable=1    failed=0    skipped=0    rescued=0    ignored=0   
ultguibos1p                : ok=0    changed=0    unreachable=1    failed=0    skipped=0    rescued=0    ignored=0   