     1	au00uetcgtn01p
     2	br01uelastic01p
     3	br1lx0002
     4	brz1lx0010
     5	ednaovm01m-icap
     6	eds1fsn01p
     7	hk1cvaads01
     8	hk1cvaam11
     9	hk1cvaes11
    10	hk1cvbreeze01
    11	hk1cvcaps01
    12	hk1cvcm11
    13	hk1cvcm12
    14	hk1cvitrsdbpd101
    15	hk1cvsalg11
    16	hk1cvsessionmgmt11
    17	hk1cvsm11
    18	hk1cvvms01
    19	hk1cvvms02
    20	hk1cvzenoss01
    21	hk1cvzenoss02
    22	hk1pdns01
    23	hk1qvac03
    24	hk1qvac04
    25	hk1qvaccrt02
    26	hk1qvaccrt03
    27	hk1qvphxcl01
    28	hk1qvtest01
    29	hkg1lx0001
    30	hkg1lx0002
    31	hkg1lx0005
    32	hkg1lx0008
    33	hkg1lx0012
    34	hkg1lx0013
    35	hkg1lx0027
    36	kdhpccoucm02
    37	kul1va0001
    38	kul1va0002
    39	kul1va0003
    40	kul1va0004
    41	kul1va0005
    42	ldn1lx0052
    43	ldn1lx0089
    44	ldn1lx0101
    45	ldn1lx0102
    46	ldn1lx0131
    47	ldn1lx0139
    48	ldn1lx0189
    49	ldn1lx0194
    50	ldn1lx7025
    51	ldn1lx8901
    52	ldn1va9698
    53	ldn2lx0029
    54	ldn2lx0035
    55	ldn2lx0101
    56	ldn2lx0130
    57	ldn2lx0132
    58	ldn2lx0133
    59	ldn2lx0136
    60	ldn2lx0138
    61	ldn2lx0139
    62	ldn2lx0184
    63	ldn2lx0185
    64	ldn2lx0198
    65	ldn2lx0200
    66	ldn2lx0201
    67	ldn2lx7010
    68	ldn2lx7026
    69	ldn2lx8900
    70	ldn2lx8952
    71	ldn2lx8953
    72	ldn2lx8954
    73	ldnebmgenios01
    74	ldnebmgeniosuat01
    75	ldngeneosdev01
    76	ldngeneosgw01
    77	ldngeneosgw02
    78	ldnmrmsapp01
    79	ldnpdsfixgw01
    80	ldnpinfapp01
    81	ldnpinfcsc01
    82	ldnpinfmon15
    83	ldnpinfuxm01
    84	ldnpinfwom01
    85	ldnpirsrac01
    86	ldnpiseadm02
    87	ldnpisemon02
    88	ldnpisepsn02
    89	ldnpisepsn03
    90	ldnpisepsn04
    91	ldnpisepxg02
    92	ldnpmbxapp05
    93	ldnpnetmgmt01
    94	ldnpnetmgmt02
    95	ldnpprminf02
    96	ldnprmsdb03
    97	ldnpsrfdds02
    98	ldnpstwmgt02
    99	ldnptufin01
   100	ldnqrmsapp01
   101	ldnrimsappprod
   102	mjolnir
   103	msc-2
   104	msc-3
   105	msc-node1
   106	msc-node2
   107	nj1cvcfgadm01
   108	nj1cvlnxadm01
   109	nj1cvwebmkt01
   110	nj1cvwebmkt02
   111	nj1padh11
   112	nj1padh12
   113	nj1purac2n01
   114	nj1putpoint01
   115	nj1putpoint02
   116	nj1putpoint03
   117	nj1putpoint05
   118	nj1putpoint06
   119	nj1qurac2n01
   120	nj1qurac2n02
   121	njc1lx1003
   122	njc1lx1541
   123	njc1lx1896
   124	njc1lx2050
   125	njc1lx2313
   126	njc1lx4123
   127	njc1lx4479
   128	njc1lx4531
   129	njc1lx5012
   130	njc1lx5464
   131	njc1lx6606
   132	njc1lx7852
   133	njc1lx8030
   134	njc1va9003
   135	njc1vanpqual01
   136	njc2es0048
   137	njc2lx4719
   138	njc2lx4789
   139	njc2lx5857
   140	njc2lx8030
   141	njc2lx8060
   142	njc2lx9506
   143	njc2lx9515
   144	njc2lx9520
   145	njcdinfbld01
   146	njcesxvsvc02
   147	njcpchpapp01
   148	njcpchpweb01
   149	njcpd42col01
   150	node1
   151	node2
   152	node3
   153	nsadm04
   154	seo1lx8052
   155	sg1pdsclinux01
   156	sltpccoimp02
   157	sltspcd01
   158	sng1lx0015
   159	sng1lx0044
   160	sng1lx0098
   161	sng1lx0099
   162	sng1lx0131
   163	sng1lx0135
   164	sng1lx1004
   165	sng2lx0015
   166	sng2lx0037
   167	sng2lx0044
   168	sng2lx0098
   169	sng2lx0099
   170	sng2lx1003
   171	srvdmz02sp
   172	syd2lx0003
   173	syd2lx0005
   174	syd2lx8001
   175	tk1pvtos011
   176	uk1cvcaps01
   177	uk1cvics02
   178	uk1cvitrsgwpd06
   179	uk1cvnsvpx01
   180	uk1cvsmoke01
   181	uk1cvstatsweb02
   182	uk1cvvms01
   183	uk1cvzenoss01
   184	uk1cvzenoss02
   185	uk1dvgft01
   186	uk1dvotasapp01
   187	uk1dvotasapp02
   188	uk1dvrsrchx01
   189	uk1dvrsrchx02
   190	uk1dvrsrchx03
   191	uk1dvrsrchx04
   192	uk1dvtk8s01
   193	uk1dvtk8s02
   194	uk1dvtk8s03
   195	uk1padh08
   196	uk1padm01
   197	uk1padm02
   198	uk1padm03
   199	uk1pads08
   200	uk1pvaxl101
   201	uk1pvesnlio02
   202	uk1pvfixrtr02
   203	uk1pvntp99
   204	uk1pvstafxrt01
   205	uk1pvstatsdb02
   206	uk1pvtriapp01
   207	uk1qvcacti01_delete
   208	uk1qvotas01
   209	uk1qvredhat01
   210	uk1qvrhel77
   211	uk1qvtest01
   212	uk1qvtrdbk01_retired
   213	uk1va0001
   214	uk1va1001
   215	uk2cvitrsdbpd101
   216	uk2cvvms01
   217	uk2pvaxl01
   218	uk2pvtriapp01
   219	us00ubosora01pvm
   220	us01aaznsms01p
   221	us01udbwapp01p
   222	us01umisqss01p
   223	us01ushrapp01d
   224	us01ushrapp03d
   225	us01ushrapp04d
   226	us01ushrapp05d
   227	us01ushrapp06d
   228	us01ushrapp07d
   229	us01ushrapp08d
   230	us01ushrapp09d
   231	us01ushrapp10d
   232	us01ushrapp12d
   233	us01ushrapp13d
   234	us01ushrapp15d
   235	us01ushrapp16d
   236	us01ushrapp17d
   237	usdrora10pn1
   238	usdrora10pn2
   239	usdrora12pn2
   240	usdrvadm06d
   241	usdrvadm07d
   242	usdrvbsa01p
   243	usdrvbsa01s
   244	usdrvfo11d
   245	usdrvmdb01p
   246	usdrvmisr01p
   247	usnjc1-ucs-fic-0101n/chassis-1/blade-4
   248	usnyccy1-dcn-adc-uat-01
   249	usnyccy1-dcn-adc-uat-02
   250	usnyccy1-dcn-mon-01
   251	usnyccy1-iac-mon-01
   252	usnyccy1-xdn-mon-01
   253	usnycsgc-dcn-adc-uat-01
   254	usnycsgc-dcn-adc-uat-02
   255	usnycsgc-dcn-ixia-01
   256	usnycsgc-dcn-mon-01
   257	usnycsgc-iac-mon-01
   258	usnycsgc-xdn-mon-01
   259	usnycsgcisepsn02
   260	va1pads05
   261	vrealize-operations-manager-appliance-8
   262	uk1quanl02
   263	uk1quanl04
   264	uk1quanl05
   265	njc1lx5112
   266	njc1lx5884
   267	njc1lx2593
   268	njc1lx2927
   269	njc1lx4023
   270	njc1lx4401
   271	njc1lx4476
   272	njc1lx5079
   273	njc1lx6720
   274	njc1lx7559
   275	njc1lx7849
   276	njc1lx7993
   277	njc4lx0006
   278	njc4lx0095
   279	njc4lx0104
   280	njc4lx0169
   281	njc4lx0344
   282	njc4lx0452
   283	nj1pbac99
   284	nj1puanl03
   285	nj1puanl04
   286	nj1puanl05
   287	nj1puphxac01
   288	nj1puphxac02
   289	njc1lx6652
   290	njc4lx0004
   291	njc4lx0046
   292	njc4lx0129
   293	njc4lx0274
   294	njc4lx0296
   295	njc4lx0314
   296	njc4lx0366
   297	njc4lx0433
   298	nj1qbac02
   299	nj1qbac03
   300	nj1quanl03
   301	nj1quanl04
   302	nj1qukac3n02
   303	njc1lx0973
   304	njc1lx1205
   305	njc1lx1591
   306	njc1lx2543
   307	njc1lx2602
   308	njc1lx3642
   309	njc1lx4376
   310	njc1lx4825
   311	njc1lx5257
   312	njc1lx5769
   313	njc1lx6486
   314	njc1lx6850
   315	njc1lx7581
   316	njc1lx7996
   317	njc4lx0453
   318	nj1qbac02
   319	njc4lx0152
   320	njc4lx0301
   321	nj1qbac03
   322	nj1quanl03
   323	hk1pbac01
   324	hk1pbac02
   325	hk1pbac03
   326	hkg1lx0019
   327	hkg1lx0020
   328	hkg1lx0021
   329	hkg1lx0022
   330	hk1qvac01
   331	hk1qvac02
   332	hk1qvaccrt01
   333	uk1dbac02
   334	uk1dvac01
   335	uk1dvac02
   336	uk1dvac03
   337	uk1dvac04
   338	uk1dvac05
   339	uk2pbac01
   340	uk2pbac02
   341	uk2puphxac01
   342	uk2puphxac02
   343	uk1pbac01
   344	uk1pbac02
   345	uk1pbac03
   346	uk1puanl04
   347	uk1puanl05
   348	uk1puanl06
   349	uk1puphxac01
   350	uk1puphxac02
   351	uk1qbac01
   352	uk1qbaccrt02
   353	uk1qvac01
   354	uk1qvac02
   355	uk1qvac03
   356	uk1qvaccrt02
   357	uk1qvaczoo01
   358	uk1qbac101
   359	uk1qvaccrt01
   360	njc1lx0950
   361	njc1lx1054
   362	njc1lx1240
   363	njc1lx5428
   364	njc1lx6377
   365	njc1lx7088
   366	njc1lx1435
   367	njc1lx1587
   368	njc1lx5937
   369	njc1lx6631
   370	njc1lx7920
   371	njc1lx0639
   372	njc1lx1779
   373	njc1lx2128
   374	njc1lx3283
   375	njc1lx3693
   376	njc1lx3885
   377	ldn2lx0096
   378	ldn2lx0099
   379	ldn2lx0106
   380	ldn2lx0086
   381	ldn2lx0093
   382	ldn2lx0100
   383	ldn1lx0086
   384	ldn1lx0091
   385	ldn1lx0100
   386	ldn2lx0098
   387	ldn2lx0105
   388	ldn2lx0097
   389	ldn2lx0102
   390	ldn1lx8090
   391	ldnpbkpdss01
   392	njc1lx0584
   393	njc1lx0706
   394	njc1lx0746
   395	njc1lx0820
   396	njc1lx0976
   397	njc1lx1130
   398	njc1lx1430
   399	njc1lx1582
   400	njc1lx1599
   401	njc1lx1912
   402	njc1lx2117
   403	njc1lx2118
   404	njc1lx2345
   405	njc1lx2400
   406	njc1lx2500
   407	njc1lx2505
   408	njc1lx2638
   409	njc1lx2670
   410	njc1lx3318
   411	njc1lx3331
   412	njc1lx3520
   413	njc1lx3749
   414	njc1lx3760
   415	njc1lx3990
   416	njc1lx4405
   417	njc1lx4613
   418	njc1lx4767
   419	njc1lx4824
   420	njc1lx5398
   421	njc1lx5505
   422	njc1lx6823
   423	njc1lx7213
   424	njc1lx7456
   425	njc1lx7496
   426	njc1lx7734
   427	njc1lx7752
   428	njc1lx7966
   429	njc1lx7985
   430	njc4lx0070
   431	njc4lx0146
   432	njc2lx0793
   433	njc2lx1258
   434	njc2lx1449
   435	njc2lx3917
   436	njc2lx4013
   437	njc2lx4296
   438	njc2lx4990
   439	njc2lx5474
   440	njc2lx5662
   441	njc2lx6970
   442	njc2lx7769
   443	njc2lx7854
   444	njc2lx7917
   445	njc2lx8864
   446	nj1puapp16
   447	nj1puapp17
   448	njc1lx0617
   449	njc1lx0696
   450	njc1lx2840
   451	njc1lx3152
   452	njc1lx4518
   453	njc1lx4723
   454	njc1lx5507
   455	njc1lx6178
   456	njc1lx6375
   457	njc1lx7250
   458	njc1lx7279
   459	njc1lx7479
   460	njc4lx0030
   461	njc4lx0054
   462	njc4lx0073
   463	njc4lx0077
   464	njc4lx0082
   465	njc4lx0100
   466	njc4lx0107
   467	njc4lx0109
   468	njc4lx0121
   469	njc4lx0141
   470	njc4lx0143
   471	njc4lx0154
   472	njc4lx0177
   473	njc4lx0188
   474	njc4lx0206
   475	njc4lx0214
   476	njc4lx0216
   477	njc4lx0228
   478	njc4lx0248
   479	njc4lx0304
   480	njc4lx0306
   481	njc4lx0334
   482	njc4lx0355
   483	njc4lx0368
   484	njc4lx0379
   485	njc4lx0393
   486	njc4lx0410
   487	njc4lx0441
   488	njc4lx0466
   489	njc4lx0487
   490	njc1lx0528
   491	njc1lx1225
   492	njc1lx4205
   493	njc1lx6041
   494	njc1lx6215
   495	njc1lx6935
   496	njc1lx7074
   497	njc1lx7605
   498	njc4lx0036
   499	njc4lx0063
   500	njc4lx0099
   501	njc4lx0160
   502	njc4lx0163
   503	njc4lx0165
   504	njc4lx0178
   505	njc4lx0209
   506	njc4lx0213
   507	njc4lx0253
   508	njc4lx0260
   509	njc4lx0291
   510	njc4lx0292
   511	njc4lx0294
   512	njc4lx0330
   513	njc4lx0352
   514	njc4lx0359
   515	njc4lx0443
   516	njc4lx0447
   517	njc1lx0881
   518	njc1lx6990
   519	hk1pbslp02
   520	hk1pustr01
   521	hk1pustr02
   522	hk1pvafeapp011
   523	hk1pvafeapp021
   524	hk1pvafedb011
   525	hk1pvafedb021
   526	hk1pvstaslp01
   527	tk1pvmon01
   528	tk1pvmon011
   529	tk1pvtos021
   530	hk1qvafeapp01
   531	hk1qvafedb01
   532	hk1qvstr01
   533	hk1qvstr02
   534	tk1qvtos01
   535	uk1dvatsdev01
   536	uk1dvstats01
   537	uk1pbhslp01
   538	uk1pbhslp02
   539	uk1pbhslp03
   540	uk1pbredstr01
   541	uk1pbredstr02
   542	uk1pbredstr03
   543	uk1puslp01
   544	uk1puslp02
   545	uk1pustr01
   546	uk1pustr02
   547	uk1pustr03
   548	uk1pustr04
   549	uk1pvaxl01
   550	uk1pvfixrtr01
   551	uk2pbhslp01
   552	uk2pbhslp02
   553	uk2pbredstr01
   554	uk2pbredstr02
   555	uk2puslp01
   556	uk2puslp02
   557	uk2pustr01
   558	uk2pustr02
   559	uk2pvfixrtr01
   560	uk2pvstatsapp02
   561	uk2pvstatsdb02
   562	uk2pvstatsmdb02
   563	uk2pvstatsweb02
   564	uk1qslpftp01_retire
   565	uk1qvslp01
   566	uk1qvslp02
   567	uk1qvslp03
   568	uk1qvslp04
   569	uk1qvslp11
   570	uk1qvslp12
   571	uk1qvsta01_retired
   572	uk1qvstr12
   573	uk1pbstaslp01
   574	uk1pbstaslp02
   575	uk1pvstaapp01
   576	uk1pvstatsapp01
   577	uk1pvstatsapp02
   578	uk1pvstatsmdb01
   579	uk1pvstatsmdb02
   580	uk1pvstatsweb02
   581	uk1qvaxl01
   582	uk1qvlsecdc02
   583	uk1qvprodsupp01
   584	hk1padh01
   585	hk1padh02
   586	hk1padh03
   587	hk1padh04
   588	hk1pads01
   589	hk1pads02
   590	hk1pads03
   591	hk1pads04
   592	njc1lx9002
   593	njc1lx9069
   594	njc1lx9130
   595	njc1lx9136
   596	njc1lx9160
   597	njc1lx9171
   598	njc1lx9241
   599	njc1lx9245
   600	njc1lx9344
   601	njc1lx9376
   602	njc1lx9407
   603	njc1lx9425
   604	njc1lx9447
   605	njc1lx9455
   606	njc1lx9461
   607	njc1lx9471
   608	njc1lx9488
   609	njc1lx9030
   610	njc1lx9072
   611	njc1lx9135
   612	njc1lx9297
   613	njc1lx9348
   614	njc1lx9473
   615	br01ubolapp01p
   616	njc1lx2062
   617	njc1lx2229
   618	njc1lx3137
   619	njc1lx3827
   620	njc1lx7257
   621	njc1lx7653
   622	njc2lx3494
   623	njc2lx4305
   624	njc2lx7000
   625	njc2lx7934
   626	njc1lx2015
   627	njc1lx6800
   628	njc1lx7101
   629	njc1lx1731
   630	njc1lx5972
   631	njc1lx6936
   632	njc1lx2577
   633	njc1lx4016
   634	njc1lx7706
   635	njc2lx2232
   636	njc2lx5114
   637	us01umosgen01p
   638	njc1lx7302
   639	usdrvomgw01s
   640	ldn1lx7046
   641	ldn2lx7047
   642	ldn1lx7050
   643	ldn2lx7051
   644	ldn1lx7048
   645	ldn2lx7049
   646	us00ufacapp01p
   647	jcchapauth1
   648	ds12
   649	brriobdt-iac-fw01
   650	brriobdt-iac-fw02
   651	brsapvol-iac-fw01
   652	sngcpmds01
   653	gblonark-mgt-jmp-01
   654	ldn1lx0018
   655	ldnpchkenmg01
   656	njc2lx3874
   657	njc2lx1651
   658	sng1lx1002
   659	sng2lx1002
   660	sngpcmkmon01
   661	sng1lx1001
   662	sng2lx1001
   663	sngpcmkmon01
   664	ldn1lx1002
   665	ldn2lx1003
   666	ldn2lx1004
   667	ldnpcmkmon01
   668	ldn1lx1001
   669	ldn2lx1002
   670	ldnpcmkmon01
   671	njc1lx3057
   672	sg1scacs01
   673	ssm
   674	njc1lx0829
   675	njc1lx1980
   676	njc1lx3944
   677	njc1lx4019
   678	njc1lx4594
   679	njc1lx6099
   680	njc1lx7575
   681	njc1lx3267
   682	njc1lx3716
   683	njc1lx0585
   684	njc1lx1389
   685	njc1lx1506
   686	njc1lx3185
   687	njc1lx3456
   688	njc1lx4422
   689	njc1lx4776
   690	njc1lx5265
   691	njc1lx5324
   692	njc1lx5947
   693	njc1lx6103
   694	njc1lx6895
   695	njc1lx1492
   696	njc1lx6707
   697	njc1lx7109-k8s-commvault-access-node-with-vserver
   698	njc1lx7109-k8s-comvault-access-node
   699	njc2lx1750
   700	njc2lx1790
   701	njc2lx3869
   702	njc2lx4677
   703	njc2lx7037
   704	ldn1va0002
   705	ldn1va0003
   706	ldn1va0004
   707	ldn1va0005
   708	ldn2va0002
   709	ldn2va0003
   710	ldn2va0004
   711	ldn2va0005
   712	njc1lx0649
   713	njc1lx5161
   714	njc2lx1868
   715	njc1lx6231
   716	sg00aucmapp01p
   717	ldnpccoucm04
   718	ldn1lx8051
   719	uk1lcrkoas01s
   720	ldn2lx8001
   721	ldn2lx8002
   722	uk1lcrkoas01p
   723	ldn1lx8003
   724	ldn1lx8004
   725	uk0lcrkoas01p
   726	uk1lcrkoas01s
   727	ldn1lx0103
   728	ldn2lx0107
   729	ldn1lx0104
   730	ldn2lx0131
   731	ldn2lx0180
   732	ldn2lx0181
   733	ldn1lx0180
   734	ldn1lx0181
   735	ldn1lx0182
   736	ldn1lx0183
   737	ldn2lx0182
   738	ldn2lx0183
   739	njc2lx1959
   740	usdrvdtec01p
   741	njc1lx3308
   742	njc1lx6770
   743	njc1lx3099
   744	njc1lx3429
   745	brzdinfora01
   746	njmongodev3
   747	us01ubosora01p
   748	br01umdbapp01p
   749	br01umdbapp02p
   750	br01umdbapp03p
   751	br01umysql01p
   752	br01uoraoem01p
   753	br01uoraorc01p
   754	br1lx0001
   755	br2lx0001
   756	ednaapd01m-icap
   757	jcchapdb2
   758	njc1lx1655
   759	njc1lx2726
   760	njc1lx4438
   761	njc1lx5150
   762	njc1lx7290
   763	njc1lx8001
   764	njc1lx8002
   765	njc1lx8003
   766	njc1lx8004
   767	njc1lx8005
   768	njc1lx8006
   769	njc1lx8007
   770	njc1lx8008
   771	njc1va3001
   772	njc2lx4929
   773	njc2lx7542
   774	njc2lx8001
   775	njc2lx8002
   776	njc2lx8003
   777	njc2lx8004
   778	njc2lx8005
   779	njc2lx8006
   780	njc2lx8007
   781	njc2lx8008
   782	us00ubosora01p
   783	us00uoraoem01p
   784	us01ubosora01p
   785	usdrguibos02p
   786	usdrora01p
   787	brzdinfora01
   788	njc1lx2185
   789	njc1lx2430
   790	njc1lx4189
   791	njc1lx5863
   792	njc1lx8043
   793	njc1lx8044
   794	njc1lx8053
   795	njc1lx8054
   796	njc1lx8055
   797	njc1lx8056
   798	njc1lx8051
   799	njc1lx8052
   800	njc2lx8051
   801	njc2lx8052
   802	usdrora07pn2
   803	usdrora07s
   804	usdrora10sn1
   805	usdrora10sn2
   806	usdrora12pn1
   807	usdrora12s
   808	usdrora12sn1
   809	usdrora12sn2
   810	usguibos01s
   811	br00umdbapp01t
   812	br01orappl01h
   813	syd2lx8051
   814	syd2lx8085
   815	au01uetcora01p
   816	syd2lx8080
   817	ultguibos1p
   818	au00uetcora01p
   819	au01uoraoem01p
   820	sng1lx8001
   821	syd1lx0005
   822	syd1lx8080
   823	sydguibos1p
   824	hk1qvafedb01
   825	ldn1lx8051
   826	ldn2lx8085
   827	ldn2lx8152
   828	njc1lx3768
   829	ukguibos2t
   830	ldn1lx8003
   831	ldn1lx8004
   832	ldn2lx8003
   833	ldn2lx8004
   834	ldn2lx8030
   835	ldn2lx8031
   836	ldn2lx8101
   837	ldn1lx0044
   838	ldn1lx0045
   839	ldn1lx0207
   840	ldn1lx8030
   841	ldn1lx8031
   842	ldn1lx8101
   843	ldn2lx0054
   844	ldn2lx0207
   845	ldn2lx8001
   846	ldn2lx8002
   847	ldn1lx0050
   848	ldn1lx0056
   849	ldn1lx0057
   850	ldn1lx0104
   851	ldn1lx7028
   852	ldn1lx7029
   853	ldn1lx7032
   854	ldn1lx7042
   855	ldn1lx8900
   856	ldn2lx7030
   857	ldn2lx7031
   858	ldn2lx7043
   859	ldn2lx8051
   860	ldn2lx8052
   861	ldn2lx8951
   862	uk1lcrkoas01s
   863	ukguibos3t
   864	ldn2lx8060
   865	ldn1lx0104
   866	ldn1lx7005
   867	ldn1lx7020
   868	ldn1lx7021
   869	ldn1lx7040
   870	ldn1lx8060
   871	ldn2lx7022
   872	ldn2lx7023
   873	ldn2lx7041
   874	ldn1lx8080
   875	ldn2lx8080
   876	ldn2lx8085
   877	ldn-ark-btt-host-01
   878	ldn-ark-btt-host-02
   879	ldn-ark-btt-host-03
   880	ldn-ark-btt-host-04
   881	ldn-ark-btt-host-05
   882	ldn-ark-btt-sbc-01
   883	ldn-ark-btt-vctr-0
   884	ldn-ark-btt-vega-01
   885	ldn-ark-btt-vega-02
   886	ldn-ark-btt-vega-03
   887	ldn-ark-btt-vega-04
   888	ldn-ark-btt-vega-05
   889	ldn-ark-btt-vega-06
   890	ldn-ark-btt-vega-07
   891	ldn-ark-btt-vega-08
   892	ldn-ark-btt-vega-09
   893	ldn-ark-btt-vega-10
   894	ldn-ark-btt-vega-11
   895	ldn-ark-btt-vega-12
   896	ldn-ark-btt-vxrm-01
   897	ldn-ld5-btt-host-01
   898	ldn-ld5-btt-host-02
   899	ldn-ld5-btt-host-03
   900	ldn-ld5-btt-host-04
   901	ldn-ld5-btt-host-05
   902	ldn-ld5-btt-sbc-01
   903	ldn-ld5-btt-utas-01
   904	ldn-ld5-btt-vctr-01
   905	ldn-ld5-btt-vega-01
   906	ldn-ld5-btt-vega-02
   907	ldn-ld5-btt-vega-03
   908	ldn-ld5-btt-vega-04
   909	ldn-ld5-btt-vega-05
   910	ldn-ld5-btt-vega-06
   911	ldn-ld5-btt-vega-07
   912	ldn-ld5-btt-vega-08
   913	ldn-ld5-btt-vega-09
   914	ldn-ld5-btt-vega-10
   915	ldn-ld5-btt-vega-11
   916	ldn-ld5-btt-vega-12
   917	ldn-ld5-btt-vxrm-01
   918	njc1va2375
   919	njc1va7495
   920	hkg2va9698
   921	sngpd42col01
   922	sngpd42col02
   923	ldn1va9695
   924	ldn1va9699
   925	ldn2va9696
   926	ldn2va9697
   927	ldn3va9698
   928	njc2lx0554
   929	sng1lx0134
   930	sng2lx0134
   931	ldn1lx0134
   932	ldn2lx0134
   933	njc1lx3412
   934	usnyccy1-dcn-adc-01
   935	usnyccy1-dcn-adc-02
   936	usnyccy1-dcn-adc-03
   937	usnyccy1-dcn-adc-04
   938	usnyccy1-dcn-adc-05
   939	usnycsgc-dcn-adc-01
   940	usnycsgc-dcn-adc-02
   941	usnycsgc-dcn-adc-03
   942	usnycsgc-dcn-adc-04
   943	usnycsgc-dcn-adc-05
   944	gblonark-dcn-adc-01
   945	gblonark-dcn-adc-02
   946	gblonark-dcn-adc-03
   947	gblonld5-dcn-adc-01
   948	gblonld5-dcn-adc-02
   949	gblonld5-dcn-adc-03
   950	ldnpf5bigiq01
   951	njc1lx5739
   952	njc1lx7898
   953	njc1lx7935
   954	njc1lx3380
   955	br01uimdsgl01p
   956	br01uimdsgl02p
   957	sungard-uat01
   958	njc1lx4348
   959	njc1lx5461
   960	njc2lx7542
   961	njc1lx0898
   962	njc1lx1010
   963	njc1lx1655
   964	njc1lx1986
   965	njc1lx2111
   966	njc1lx2156
   967	njc1lx4028
   968	njc1lx5078
   969	njc1lx6138
   970	njc1lx7374
   971	njc1lx7848
   972	nj1qvfitapp92
   973	njc1lx2185
   974	njc1lx2430
   975	njc1lx2838
   976	njc1lx3864
   977	njc1lx5285
   978	njc1lx5863
   979	njc1lx6496
   980	njc1lx6797
   981	njc1lx7404
   982	njc1lx7548
   983	uk1pvfitmdh01
   984	uk1pvfitmdh101
   985	uk1pvfitpxy01
   986	uk1pvfitpxy02
   987	uk1pvfitpxy101
   988	uk1pvfitpxy102
   989	uk1qvfitmdh01
   990	uk1qvfitmdh101
   991	njc1lx1297
   992	njc1lx2580
   993	njc1lx4951
   994	njc1lx6025
   995	njc1lx0767
   996	njc1lx1415
   997	njc1lx0767
   998	njc1lx0093_njc1lx4438_clone
   999	njc1lx4438
  1000	njc1lx5282
  1001	njc1lx5337
  1002	ldnpfdgapp01
  1003	ldnpfdgapp02
  1004	ldnpfdgapp03
  1005	ldnqfdgapp01
  1006	ldnufdgapp01
  1007	ldnufdgapp02
  1008	brlmfixview01
  1009	brspfixview01
  1010	brspfixview02
  1011	njc1lx3615
  1012	njc1lx5692
  1013	us00ushrapp01d
  1014	usprvfo10d
  1015	njc2lx0008
  1016	njc2lx0501
  1017	njc2lx0529
  1018	njc2lx0769
  1019	njc2lx0828
  1020	njc2lx1185
  1021	njc2lx1504
  1022	njc2lx1539
  1023	njc2lx1606
  1024	njc2lx2050
  1025	njc2lx2438
  1026	njc2lx2656
  1027	njc2lx2677
  1028	njc2lx2899
  1029	njc2lx4035
  1030	njc2lx4184
  1031	njc2lx4236
  1032	njc2lx4256
  1033	njc2lx4409
  1034	njc2lx4410
  1035	njc2lx4963
  1036	njc2lx5351
  1037	njc2lx6163
  1038	njc2lx6200
  1039	njc2lx6459
  1040	njc2lx6583
  1041	njc2lx6624
  1042	njc2lx6863
  1043	njc2lx7225
  1044	njc2lx7817
  1045	us01uetclog01p
  1046	us01ufobiro01p
  1047	us01ufobiro02p
  1048	us01ufocfbl01p
  1049	us01ufocfbl02p
  1050	us01ufocfbv01p
  1051	us01ufocfbv02p
  1052	us01ufocftf01p
  1053	us01ufocftf02p
  1054	us01ufocftl01p
  1055	us01ufocftl02p
  1056	us01ufocftv02p
  1057	us01ufocraa01p
  1058	us01ufogftn01p
  1059	us01ufotcds01p
  1060	us01ufotcds02p
  1061	us01ufotiro02p
  1062	us01ufotnrg01p
  1063	us01ufotnrg02p
  1064	us01uhstnrg01p
  1065	us01uiasapp01p
  1066	usdrcsmbr01p
  1067	usdrcsmbr02p
  1068	usdrcsmbr03p
  1069	usdrvauth01p
  1070	usdrvfhist01p
  1071	usdrvfobr03p
  1072	usdrvfobr04p
  1073	usdrvfobr10p
  1074	usdrvfobr12p
  1075	usdrvfobr13p
  1076	usdrvfobr14p
  1077	usdrvfotr08p
  1078	usdrvfotr10p
  1079	usdrvfotr12p
  1080	usdrvfotr14p
  1081	usdrvfotr15p
  1082	usdrvfotr16p
  1083	usdrvhst01p
  1084	usdrvhst02p
  1085	usdrvisgw01p
  1086	usdrvreport01p
  1087	usdrvrfobr01p
  1088	usdrvrfobr02p
  1089	njc1lx0005
  1090	njc1lx0526
  1091	njc1lx0728
  1092	njc1lx0911
  1093	njc1lx0966
  1094	njc1lx1236
  1095	njc1lx1468
  1096	njc1lx1571
  1097	njc1lx1650
  1098	njc1lx1996
  1099	njc1lx2382
  1100	njc1lx2695
  1101	njc1lx2706
  1102	njc1lx2964
  1103	njc1lx3337
  1104	njc1lx3631
  1105	njc1lx3697
  1106	njc1lx4045
  1107	njc1lx4499
  1108	njc1lx4854
  1109	njc1lx4994
  1110	njc1lx5027
  1111	njc1lx5043
  1112	njc1lx5063
  1113	njc1lx5191
  1114	njc1lx5364
  1115	njc1lx5454
  1116	njc1lx5745
  1117	njc1lx5850
  1118	njc1lx6579
  1119	njc1lx6778
  1120	njc1lx7321
  1121	njc1lx7592
  1122	njc1lx7974
  1123	njc1lx7999
  1124	us00ufocfbv02p
  1125	us00ufocftv03p
  1126	us00uiasapp01p
  1127	us00uoraoem01p
  1128	usprvfobr17p
  1129	usprvfotr23p
  1130	njc1lx0008
  1131	njc1lx0635
  1132	njc1lx5358
  1133	njc1lx6590
  1134	usprvfhist01s
  1135	njc1lx1202
  1136	njc1lx1958
  1137	njc1lx2262
  1138	njc1lx2605
  1139	njc1lx2696
  1140	njc1lx2946
  1141	njc1lx3091
  1142	njc1lx3189
  1143	njc1lx3234
  1144	njc1lx3480
  1145	njc1lx3523
  1146	njc1lx3557
  1147	njc1lx3632
  1148	njc1lx3865
  1149	njc1lx5449
  1150	njc1lx5667
  1151	njc1lx6270
  1152	njc1lx7369
  1153	njc1lx7403
  1154	njc1lx7408
  1155	njc1lx7426
  1156	njc1lx7563
  1157	us00uanaapp01s
  1158	us00ufocfbv02s
  1159	us00ufocftv02s
  1160	us00ufogftn01s
  1161	us00urepprc01s
  1162	us00usbkapp01s
  1163	us01ufocfbl02s
  1164	us01ufocftl02s
  1165	usdrvcsm05s
  1166	usdrvfobr04s
  1167	usdrvfotr16s
  1168	usprvrel01s
  1169	syd2lx0011
  1170	syd2lx0014
  1171	syd2lx0020
  1172	syd2lx0021
  1173	syd2lx0023
  1174	syd1lx0010
  1175	syd1lx0011
  1176	syd1lx0012
  1177	syd1lx0013
  1178	syd1lx0014
  1179	syd2lx0010
  1180	syd2lx0015
  1181	syd2lx0019
  1182	syd2lx0022
  1183	syd2lx0024
  1184	ldn1lx0141
  1185	ldn1lx0144
  1186	ldn1lx0145
  1187	ldn1lx0146
  1188	ldn1lx0147
  1189	ldn1lx0148
  1190	ldn1lx0149
  1191	ldn1lx0150
  1192	ldn1lx0151
  1193	ldn1lx0152
  1194	ldn1lx0153
  1195	ldn2lx0141
  1196	ldn2lx0144
  1197	ldn2lx0145
  1198	ldn2lx0146
  1199	ldn2lx0147
  1200	ldn2lx0148
  1201	ldn2lx0149
  1202	ldn2lx0150
  1203	ldn2lx0151
  1204	ldn2lx0152
  1205	ldn2lx0153
  1206	ldn2lx0154
  1207	ldn2lx0014
  1208	ldn2lx0037
  1209	ldn2lx0038
  1210	ldn2lx0039
  1211	ldn2lx0040
  1212	ldn2lx0041
  1213	ldn2lx0042
  1214	ldn2lx0043
  1215	ldn2lx0044
  1216	ldn2lx0045
  1217	ldn2lx0046
  1218	ldn2lx0047
  1219	njc1lx1326
  1220	njc1lx1855
  1221	njc1lx6104
  1222	njc1lx1579
  1223	njc1lx3569
  1224	njc1lx3748
  1225	njc1lx5179
  1226	njc1lx2509
  1227	njc1lx3433
  1228	njc1lx3645
  1229	njc2lx2599
  1230	njc2lx2831
  1231	njc2lx5612
  1232	hk1cvitrsdbpd01
  1233	hk1cvitrsdbpd02
  1234	hk1cvitrsdbpd102
  1235	hk1cvitrsgwpd01
  1236	hk1cvitrsgwpd02
  1237	hk1cvitrsgwpd05
  1238	hk1cvitrsgwpd06
  1239	hk1cvitrssnmppd01
  1240	hk1cvitrssnmppd02
  1241	uk1cvitrsdbpd01
  1242	uk1cvitrsdbpd101
  1243	uk1cvitrsdbqa01
  1244	uk1cvitrsdbqa101
  1245	uk1cvitrsgwpd01
  1246	uk1cvitrsgwpd02
  1247	uk1cvitrsgwpd03
  1248	uk1cvitrsgwpd04
  1249	uk1cvitrsgwpd05
  1250	uk1cvitrsgwqa01
  1251	uk1cvitrsgwqa02
  1252	uk1cvitrssnmppd01
  1253	uk1cvitrssnmppd02
  1254	uk1cvitrssnmpqa01
  1255	uk1cvitrssnmpqa02
  1256	uk1pvitrsgwpd99
  1257	uk2cvitrsdbpd01
  1258	uk2cvitrsgwpd01
  1259	uk2cvitrsgwpd02
  1260	uk2cvitrsgwpd05
  1261	uk2cvitrssnmppd01
  1262	njc1lx0041
  1263	njc1lx0432
  1264	njc1lx1836
  1265	njc1lx2003
  1266	njc1lx2997
  1267	njc1lx3816
  1268	njc1lx4847
  1269	njc1lx4882
  1270	njc1lx5594
  1271	njc1lx5744
  1272	njc1lx6551
  1273	njc1lx6562
  1274	njc2lx2174
  1275	njc2lx2581
  1276	njc2lx6108
  1277	njc2lx6259
  1278	njc1lx0606
  1279	njc1lx1612
  1280	njc1lx2419
  1281	njc1lx4596
  1282	njc1lx6582
  1283	njc1lx7021
  1284	njc1lx0049
  1285	njc1lx2517
  1286	njc1lx3661
  1287	njc1lx4461
  1288	njc1lx4526
  1289	njc1lx4573
  1290	njc1lx4745
  1291	njc1lx4958
  1292	njc1lx5699
  1293	hk1qvbcan01
  1294	uk1pvrdsapp01
  1295	uk1qvrdsapp01
  1296	uk1qvrdsapp02
  1297	uk1pvrdsappsta01
  1298	njc1lx5692
  1299	us00ushrapp01d
  1300	us01ushrapp02d
  1301	us01ushrapp11d
  1302	usdrvfo09d
  1303	usdrvfo12d
  1304	usprvbe06d
  1305	usprvbe08d
  1306	njc2lx0008
  1307	njc2lx1430
  1308	njc2lx3652
  1309	njc2lx4055
  1310	njc2lx7702
  1311	us01ugtncds01p
  1312	us01ugtngar01p
  1313	us01ugtniro01p
  1314	us01ugtnnrg01p
  1315	us01ugtnpgb01p
  1316	us01ugtntpe01p
  1317	us01urepprc01p
  1318	usdrvagcybe01p
  1319	njc1lx0005
  1320	njc1lx1000
  1321	njc1lx1376
  1322	njc1lx1644
  1323	njc1lx1706
  1324	njc1lx2695
  1325	njc1lx3284
  1326	njc1lx4045
  1327	us00ugtnpgb01p
  1328	us00urepprc01p
  1329	njc1lx0635
  1330	njc1lx1309
  1331	njc1lx4770
  1332	njc1lx6348
  1333	njc1lx6667
  1334	njc1lx6762
  1335	njc1lx7672
  1336	njc2lx0006
  1337	us00ugtnpgb01s
  1338	us00urepprc01s
  1339	usdrvagcybe01s
  1340	syd2lx0011
  1341	syd2lx0014
  1342	syd2lx0020
  1343	syd2lx0021
  1344	syd2lx0023
  1345	au00uetcora01p
  1346	au01uetcora01p
  1347	syd1lx0010
  1348	syd1lx0011
  1349	syd1lx0012
  1350	syd1lx0013
  1351	syd1lx0014
  1352	syd2lx0012
  1353	syd2lx0013
  1354	syd2lx0016
  1355	syd2lx0017
  1356	syd2lx0018
  1357	syd2lx0010
  1358	syd2lx0015
  1359	syd2lx0019
  1360	syd2lx0022
  1361	syd2lx0024
  1362	ldn1lx0142
  1363	ldn1lx0143
  1364	ldn2lx0142
  1365	ldn2lx0143
  1366	ldn2lx0027
  1367	ldn2lx0028
  1368	syd1lx0005
  1369	syd1lx8001
  1370	ldn1lx8051
  1371	us01ubosora01p
  1372	us00ubosora01p
  1373	usguibos01s
  1374	ultguibos1p
  1375	ultguibos1p
  1376	sydguibos1p
  1377	ultguibos1p
  1378	sydguibos1p
  1379	ldn1lx8051
  1380	ukguibos2t
  1381	ukguibos2p
  1382	ukguibos1p
  1383	ukguibos3t
  1384	ukguibos3t
  1385	njc2va2000
  1386	njc2va2001
  1387	sng1va1004
  1388	ldn2va1004
  1389	ldn1lx0036
  1390	ldn2lx0036
  1391	ldndiswapp02
  1392	uk0liswapp01d
  1393	uk1liswidb01p
  1394	ldnpiswbte02
  1395	ldnpiswdgw02
  1396	ldnpiswdgw04
  1397	ldnpiswdgw06
  1398	ldnpiswdgw08
  1399	ldnpiswdgw10
  1400	ldnpiswdgw12
  1401	ldnpiswdgw14
  1402	ldnpiswdgw16
  1403	ldnpiswidb02
  1404	ldnpiswmte02
  1405	ldn1lx4000
  1406	ldn1lx4001
  1407	ldn1lx4002
  1408	ldn1lx4003
  1409	ldn2lx4000
  1410	ldn2lx4002
  1411	ldn2lx4003
  1412	ldnpiswbte01
  1413	ldnpiswdgw01
  1414	ldnpiswdgw03
  1415	ldnpiswdgw05
  1416	ldnpiswdgw07
  1417	ldnpiswdgw09
  1418	ldnpiswdgw11
  1419	ldnpiswdgw13
  1420	ldnpiswdgw15
  1421	ldnpiswfix01
  1422	ldnpiswfix02
  1423	ldnpiswfix03
  1424	ldnpiswfix04
  1425	ldnpiswfix05
  1426	ldnpiswfix06
  1427	ldnpiswfix07
  1428	ldnpiswfix08
  1429	ldnpiswidb01
  1430	ldnpiswmte01
  1431	ldnqiswbte02
  1432	ldnqiswdgw02
  1433	ldnqiswdgw04
  1434	ldnqiswdgw06
  1435	ldnqiswidb02
  1436	ldnqiswmte02
  1437	ldn2lx4001
  1438	ldnmiswbte01
  1439	ldnmiswdgw01
  1440	ldnmiswdgw03
  1441	ldnmiswdgw05
  1442	ldnmiswidb01
  1443	ldnmiswmte01
  1444	njcdiswdgw01
  1445	njcdiswidb01
  1446	njcdiswivm01
  1447	njcdiswmte01
  1448	njcqiswdgw01
  1449	njcqiswdgw03
  1450	njcqiswidb01
  1451	njcqiswmte01
  1452	njcmiswdgw01
  1453	njcmiswdgw02
  1454	njcmiswidb01
  1455	njcmiswidb02
  1456	njcmiswivm01
  1457	njcmiswmte01
  1458	njcmiswmte02
  1459	njcdiswdgw01
  1460	njcdiswidb01
  1461	njcdiswivm01
  1462	njcdiswmte01
  1463	njc3lx9901
  1464	njc3lx9902
  1465	njc3lx9903
  1466	njc3lx9904
  1467	njc3lx9905
  1468	njc3lx9906
  1469	njc3lx9907
  1470	ldnpiswusg01
  1471	ldnpiswusg02
  1472	njc1lx4056
  1473	njcpiswdgw01
  1474	njcpiswdgw03
  1475	njcpiswdgw05
  1476	njcpiswdgw07
  1477	njcpiswdgw09
  1478	njcpiswidb01
  1479	njcpiswmte01
  1480	njcpiswmte03
  1481	njcqiswdgw01
  1482	njcqiswdgw03
  1483	njcqiswidb01
  1484	njcqiswmte01
  1485	njcmiswdgw01
  1486	njcmiswdgw02
  1487	njcmiswidb01
  1488	njcmiswidb02
  1489	njcmiswivm01
  1490	njcmiswmte01
  1491	njcmiswmte02
  1492	njc2lx3145
  1493	njc1lx1336
  1494	njc2lx2089
  1495	usnyccyisepsn01
  1496	usnycsgcisepsn01
  1497	ldnpiseadm01
  1498	ldnpisemon01
  1499	ldnpisepsn01
  1500	ldnpisepxg01
  1501	ldn2lx0253
  1502	ldn1lx0094
  1503	njc1lx1062
  1504	njc1lx2136
  1505	njc1lx1730
  1506	njc1lx3039
  1507	njc1lx0766
  1508	njc1lx1056
  1509	njc2lx0029
  1510	njmongodev3
  1511	jcchapauth1
  1512	jcchapdb2
  1513	njcpcisbld01
  1514	njcpindboa01
  1515	njc1lx1006
  1516	njc1lx1009
  1517	njc1lx1307
  1518	njc1lx1323
  1519	njc1lx1486
  1520	njc1lx1565
  1521	njc1lx1979
  1522	njc1lx2293
  1523	njc1lx2591
  1524	njc1lx2881
  1525	njc1lx2988
  1526	njc1lx3082
  1527	njc1lx3122
  1528	njc1lx3837
  1529	njc1lx3914
  1530	njc1lx4142
  1531	njc1lx4334
  1532	njc1lx5022
  1533	njc1lx5076
  1534	njc1lx5957
  1535	njc1lx6071
  1536	njc1lx6544
  1537	njc1lx6903
  1538	njc1lx6967
  1539	njc1lx7204
  1540	njc1lx7505
  1541	njc4lx0493
  1542	njc2lx3349
  1543	njc2lx3361
  1544	njc2lx7988
  1545	nj1pbtrdbk02
  1546	nj1puanl05
  1547	njc4lx0023
  1548	njc4lx0093
  1549	njc4lx0101
  1550	njc4lx0118
  1551	njc4lx0204
  1552	njc4lx0347
  1553	njc4lx0349
  1554	njc4lx0377
  1555	njc4lx0472
  1556	njc4lx0485
  1557	nj1quanl01
  1558	nj1quanl02
  1559	nj1quanl03
  1560	nj1quanl04
  1561	nj1quanl05
  1562	nj1quanl06
  1563	njc1lx0745
  1564	njc1lx1247
  1565	njc1lx5018
  1566	njc1lx5145
  1567	njc1lx5512
  1568	njc4lx0002
  1569	njc4lx0016
  1570	njc4lx0329
  1571	hk1pbtrd01
  1572	hk1pbtrd02
  1573	hk1pbtrdbk01
  1574	hk1puanl02
  1575	hk1qbtrdcrt02
  1576	hk1quanl01
  1577	hk1quanl02
  1578	hk1qvanl01
  1579	hk1qvanl02
  1580	hk1qvtrd01
  1581	hk1qvtrdcrt01
  1582	uk1dvtrd02
  1583	uk1dvtrd03
  1584	uk1dvtrd04
  1585	uk1dvtrd102
  1586	uk1dvtrd103
  1587	uk1dvtrd104
  1588	uk1dvtrd107
  1589	uk1dvtrd112
  1590	uk1dvtrd12
  1591	uk1dvtrd14
  1592	uk1dvtrd15
  1593	uk2pbtrd01
  1594	uk2pbtrd02
  1595	uk2pbtrd03
  1596	uk1pbtrd01
  1597	uk1pbtrd02
  1598	uk1pbtrdbk01
  1599	uk1puanl03
  1600	uk1puanl06
  1601	uk2pbtrdbk01
  1602	uk1qbtrd01
  1603	uk1qbtrd02
  1604	uk1qbtrdbk01
  1605	uk1qeucfh01
  1606	uk1qeucfh02
  1607	uk1qeucfh03
  1608	uk1qeucfh04
  1609	uk1quanl01
  1610	uk1quanl02
  1611	uk1quanl03
  1612	uk1quanl06
  1613	uk1qvtrd02
  1614	uk1qvtrd03
  1615	uk1qvtrd12
  1616	uk1qvtrd13
  1617	uk1qvtrdap01
  1618	uk1qvtrdcrt02
  1619	uk1qvtrdcrt03
  1620	uk1qvtrdcrt11
  1621	uk1qvtrdcrt12
  1622	uk1qvtrdcrt13
  1623	uk1qvtrdcrtbk01
  1624	uk1qvtrdht01
  1625	uk1qvtrdht11
  1626	uk2puanl01
  1627	uk2puanl02
  1628	uk2puanl03
  1629	uk2puanl04
  1630	uk2puanl05
  1631	uk2puanl06
  1632	uk2puanl07
  1633	uk2puanl08
  1634	ldnmrmsdb01
  1635	ldnmrmsweb01
  1636	ldnprmsdb01
  1637	ldnprmsdb02
  1638	ldnprmsweb01
  1639	ldnprmsweb02
  1640	ldnqrmsdb01
  1641	ldnqrmsweb01
  1642	iv-icap-01
  1643	njc2lx1240
  1644	njc2lx1401
  1645	njc2lx3317
  1646	njc2lx3330
  1647	njc2lx4815
  1648	njc2lx5015
  1649	njc2lx6271
  1650	njc2lx6678
  1651	njc2lx7357
  1652	njc2lx7943
  1653	us01uanaapp01p
  1654	us01ugtntpi01p
  1655	us01ujvaapp01p
  1656	usdrvreport01p
  1657	usdrvtis01p
  1658	ldn2lx0143
  1659	njc1lx0005
  1660	njc1lx2695
  1661	njc1lx2794
  1662	njc1lx3233
  1663	njc1lx3368
  1664	njc1lx4045
  1665	njc1lx4660
  1666	njc1lx5049
  1667	njc1lx5454
  1668	njc1lx7189
  1669	njc1lx7337
  1670	us00uanaapp01p
  1671	usdrora03p
  1672	njc1lx0635
  1673	njc1lx1255
  1674	njc1lx2641
  1675	njc1lx3022
  1676	njc1lx3253
  1677	njc1lx4380
  1678	njc1lx5358
  1679	njc1lx6483
  1680	njc1lx7303
  1681	us00uanaapp01s
  1682	us00ugtntpi01s
  1683	usprvjboss01d
  1684	usprvreport01s
  1685	ldn1lx0151
  1686	ldn2lx0151
  1687	ldn2lx0014
  1688	ldn2lx0037
  1689	njc1lx0635
  1690	njc1lx4045
  1691	njc1lx0635
  1692	njc1lx0635
  1693	njc1lx4942
  1694	njc1lx5269
  1695	ldn2lx0015
  1696	ldn2lx0016
  1697	ldn2lx0017
  1698	ldn1lx0015
  1699	ldn1lx0016
  1700	ldn1lx0017
  1701	ldn2lx1015
  1702	ldn2lx1016
  1703	ldn2lx1017
  1704	njc2lx8051
  1705	njc1lx2462
  1706	njc1lx3567
  1707	njc1lx3974
  1708	njc1lx4693
  1709	njc1lx5291
  1710	njc1lx6944
  1711	njc1lx0724
  1712	njc1lx2420
  1713	njc1lx2691
  1714	njc1lx3556
  1715	njc1lx7626
  1716	njc1lx2174
  1717	njc1lx2462
  1718	njc1lx4693
  1719	njc1lx6756
  1720	njc1lx6944
  1721	ldn2lx0171
  1722	ldn1lx0171
  1723	ldn2lx0171
  1724	ldn1lx0172
  1725	ldn1lx0173
  1726	njc1lx1020
  1727	njc1lx2098
  1728	njc1lx2371
  1729	njc1lx5857
  1730	njc1lx6343
  1731	njc1lx7661
  1732	njc2lx1950
  1733	njc2lx2056
  1734	njc2lx2252
  1735	njc2lx2434
  1736	njc2lx2693
  1737	njc2lx3284
  1738	njc2lx3495
  1739	njc2lx3814
  1740	njc2lx4291
  1741	njc2lx4347
  1742	njc2lx4399
  1743	njc2lx5164
  1744	njc2lx5216
  1745	njc2lx5436
  1746	njc2lx6139
  1747	njc2lx6177
  1748	njc2lx6882
  1749	njc2lx7040
  1750	njc1lx0068
  1751	njc1lx0397
  1752	njc1lx1580
  1753	njc1lx1761
  1754	njc1lx2595
  1755	njc1lx2916
  1756	njc1lx3258
  1757	njc1lx3458
  1758	njc1lx3624
  1759	njc1lx3714
  1760	njc1lx4035
  1761	njc1lx4510
  1762	njc1lx4948
  1763	njc1lx5369
  1764	njc1lx5451
  1765	njc1lx5587
  1766	njc1lx5852
  1767	njc1lx6132
  1768	njc1lx0067
  1769	njc1lx0229
  1770	njc1lx0888
  1771	njc1lx2488
  1772	njc1lx5527
  1773	njc1lx6034
  1774	njc1lx6443
  1775	njc1lx7082
  1776	hk1pullmsg01
  1777	hk1pullmsg02
  1778	hk1pullmsg03
  1779	uk1pullmsg01
  1780	uk1pullmsg02
  1781	uk1pullmsg03
  1782	uk1qvllmsg01
  1783	uk1qvllmsg02
  1784	uk1qvllmsg03
  1785	njc2lx7085
  1786	njc1lx0727
  1787	njc1lx3338
  1788	uk1pvlingo03
  1789	uk1pvlingo04
  1790	uk1pvlinuat03
  1791	uk1pvlinuat04
  1792	ldn1lx0110
  1793	ldn1lx0111
  1794	ldn2lx0110
  1795	ldn2lx0111
  1796	ldn1lx0112
  1797	ldn1lx0113
  1798	ldn2lx0112
  1799	ldn2lx0113
  1800	njc4lx0487
  1801	nj1quanl01
  1802	nj1quanl02
  1803	nj1quanl03
  1804	nj1quanl04
  1805	nj1puanl01
  1806	nj1puanl02
  1807	nj1puanl03
  1808	nj1puanl04
  1809	nj1puanl05
  1810	nj1puanl06
  1811	njc4lx0015
  1812	njc4lx0098
  1813	njc4lx0383
  1814	nj1quanl01
  1815	nj1quanl02
  1816	nj1quanl03
  1817	nj1quanl04
  1818	njc4lx0092
  1819	njc4lx0137
  1820	njc4lx0191
  1821	njc4lx0277
  1822	njc4lx0400
  1823	njc4lx0473
  1824	hk1puanl01
  1825	uk1peucfh01
  1826	uk1peucfh02
  1827	uk1peucfh03
  1828	uk1peucfh04
  1829	uk1puanl01
  1830	uk1puanl02
  1831	uk1quanl01
  1832	uk1quanl03
  1833	uk1quanl04
  1834	sngdsotsrcuat01
  1835	sngdsotsrcuat02
  1836	snguhdstscuat01
  1837	snguhdstscuat02
  1838	ldndhdstsc01
  1839	ldndhdstsc02
  1840	ldndhdstsd01
  1841	ldndhdstsd02
  1842	ldnphdstsc01
  1843	ldnphdstsc02
  1844	ldnphdstsd01
  1845	ldnphdstsd02
  1846	ldnuhdstsc01
  1847	ldnuhdstsc02
  1848	ldnuhdstsd01
  1849	ldnuhdstsd02
  1850	njc1lx2724
  1851	njc2lx2500
  1852	ldn1lx0013
  1853	ldn2lx0013
  1854	ldn2lx0076
  1855	ldn2lx0077
  1856	ldn2lx0087
  1857	ldn2lx0088
  1858	ldn2lx0089
  1859	ldn2lx0090
  1860	ldn2lx0092
  1861	ldn2lx9540
  1862	njc1lx0021
  1863	njc1lx9017
  1864	njc1lx1697
  1865	njc1lx2775
  1866	njc1lx7059
  1867	njc1lx9166
  1868	njc2lx9348
  1869	sng1lx0011
  1870	sng1lx0021
  1871	sng1lx0030
  1872	sng2lx0011
  1873	sng2lx0021
  1874	sng2lx0030
  1875	ldn2lx0061
  1876	ldn2lx0062
  1877	ldn2lx0063
  1878	ldn2lx0064
  1879	ldn2lx0065
  1880	ldn2lx0073
  1881	ldn2lx0074
  1882	ldn2lx0083
  1883	ldn1lx0069
  1884	ldn1lx0070
  1885	ldn1lx0116
  1886	ldn1lx0117
  1887	ldn1lx0174 - rq1272120
  1888	ldn1lx0175 - rq1272120
  1889	ldn1lx0176 - rq1272120
  1890	ldn1lx0203
  1891	ldn2lx0070
  1892	ldn2lx0071
  1893	ldn2lx0114
  1894	ldn2lx0115
  1895	ldn2lx0116
  1896	ldn2lx0117
  1897	ldn2lx0203
  1898	ldn2lx9522
  1899	njc1lx2740
  1900	njc1lx4557
  1901	njc1lx5956
  1902	njc1lx9600
  1903	njc1lx9607
  1904	njc1lx9647
  1905	njc1lx9665
  1906	njc1lx9686
  1907	njc2lx1088
  1908	njc2lx9613
  1909	njc2lx9633
  1910	njc2lx9666
  1911	njc2lx9687
  1912	njc1lx9619
  1913	njc1lx9659
  1914	njc2lx9636
  1915	sg01uimdadh01p
  1916	sg01uimdadh02p
  1917	sng1lx0013
  1918	sng1lx0016
  1919	sng1lx0040
  1920	sng1lx0041
  1921	sng2lx0013
  1922	sng2lx0016
  1923	sng2lx0040
  1924	sng2lx0041
  1925	ldn1lx0108
  1926	ldn1lx9600
  1927	ldn1lx9601
  1928	ldn1lx9602
  1929	ldn1lx9603
  1930	ldn1lx9604
  1931	ldn1lx9605
  1932	ldn1lx9606
  1933	ldn1lx9607
  1934	ldn1lx9608
  1935	ldn1lx9609
  1936	ldn1lx9621
  1937	ldn1lx9622
  1938	ldn2lx0012
  1939	ldn2lx0108
  1940	ldn2lx9600
  1941	ldn2lx9601
  1942	ldn2lx9602
  1943	ldn2lx9603
  1944	ldn2lx9604
  1945	ldn2lx9605
  1946	ldn2lx9606
  1947	ldn2lx9607
  1948	ldn2lx9610
  1949	ldn2lx9611
  1950	ldn2lx9608
  1951	ldn2lx9609
  1952	njc1lx9501
  1953	njc1lx9502
  1954	njc1lx9515
  1955	njc1lx9532
  1956	njc1lx9542
  1957	njc1lx9547
  1958	njc1lx9565
  1959	njc1lx9571
  1960	njc1lx9575
  1961	njc1lx9577
  1962	njc1lx9580
  1963	njc1lx9587
  1964	njc1lx9596
  1965	njc1lx9599
  1966	njc2lx0009
  1967	njc2lx9509
  1968	njc2lx9510
  1969	njc2lx9518
  1970	njc2lx9519
  1971	njc2lx9531
  1972	njc2lx9553
  1973	njc2lx9569
  1974	njc2lx9572
  1975	njc2lx9581
  1976	njc2lx9599
  1977	njc1lx9500
  1978	njc1lx9552
  1979	njc2lx9507
  1980	njc2lx9584
  1981	sng1lx0027
  1982	sng1lx0097
  1983	sng2lx0027
  1984	sng2lx0097
  1985	hkgp2ps01
  1986	hkgp2ps02
  1987	korp2ps01
  1988	korp2ps02
  1989	sng1lx0020
  1990	sng1lx0022
  1991	sng1lx0023
  1992	sng1lx0024
  1993	sng1lx0025
  1994	sng1lx0026
  1995	sng1lx0028
  1996	sng1lx0029
  1997	sng1lx0031
  1998	sng1lx0032
  1999	sng2lx0020
  2000	sng2lx0022
  2001	sng2lx0023
  2002	sng2lx0024
  2003	sng2lx0025
  2004	sng2lx0026
  2005	sng2lx0028
  2006	sng2lx0029
  2007	sng2lx0031
  2008	sydp2ps01
  2009	sydp2ps02
  2010	tokbgd01
  2011	tokp2ps01
  2012	tokp2ps02
  2013	tokrdfsrc01
  2014	tokrdfsrc02
  2015	ldn2lx0085
  2016	ldn2lx0091
  2017	ldn1lx0027
  2018	ldn1lx0031
  2019	ldn1lx9500
  2020	ldn1lx9501
  2021	ldn1lx9502
  2022	ldn1lx9503
  2023	ldn1lx9504
  2024	ldn1lx9505
  2025	ldn1lx9506
  2026	ldn1lx9507
  2027	ldn1lx9508
  2028	ldn1lx9509
  2029	ldn1lx9510
  2030	ldn1lx9520
  2031	ldn1lx9521
  2032	ldn1lx9522
  2033	ldn1lx9523
  2034	ldn1lx9524
  2035	ldn1lx9525
  2036	ldn1lx9526
  2037	ldn1lx9527
  2038	ldn1lx9528
  2039	ldn1lx9529
  2040	ldn1lx9620
  2041	ldn1lx9623
  2042	ldn2lx0030
  2043	ldn2lx0031
  2044	ldn2lx9500
  2045	ldn2lx9501
  2046	ldn2lx9502
  2047	ldn2lx9503
  2048	ldn2lx9504
  2049	ldn2lx9505
  2050	ldn2lx9506
  2051	ldn2lx9507
  2052	ldn2lx9508
  2053	ldn2lx9509
  2054	ldn2lx9510
  2055	ldn2lx9520
  2056	ldn2lx9523
  2057	ldn2lx9525
  2058	mad1lx9500
  2059	mad1lx9501
  2060	mad1lx9600
  2061	mad1lx9601
  2062	mad2lx9500
  2063	mad2lx9501
  2064	mad2lx9600
  2065	mad2lx9601
  2066	par1lx9500
  2067	par1lx9600
  2068	par2lx9500
  2069	par2lx9600
  2070	verprdsads01
  2071	verprdsads02
  2072	verprdspop01
  2073	verprdspop02
  2074	njc2lx1885
  2075	njc2lx9001
  2076	njc2lx9002
  2077	njc2lx9003
  2078	njc2lx9004
  2079	njc2lx9012
  2080	njc2lx9014
  2081	njc2lx9015
  2082	njc2lx9016
  2083	njc2lx9018
  2084	nj1padh31
  2085	nj1padh32
  2086	nj1padh33
  2087	nj1padh34
  2088	nj1padh35
  2089	nj1padh36
  2090	nj1pads11
  2091	nj1pads12
  2092	nj1pads31
  2093	nj1pads32
  2094	nj1pads33
  2095	nj1pads34
  2096	nj1pads35
  2097	nj1pads36
  2098	nj1peucfh01
  2099	nj1peucfh02
  2100	nj1peucfh03
  2101	njc1lx3077
  2102	njc1lx9002
  2103	njc1lx9014
  2104	njc1lx9028
  2105	njc1lx9029
  2106	njc1lx9069
  2107	njc1lx9092
  2108	njc1lx9118
  2109	njc1lx9130
  2110	njc1lx9136
  2111	njc1lx9160
  2112	njc1lx9171
  2113	njc1lx9203
  2114	njc1lx9239
  2115	njc1lx9241
  2116	njc1lx9245
  2117	njc1lx9292
  2118	njc1lx9344
  2119	njc1lx9376
  2120	njc1lx9387
  2121	njc1lx9406
  2122	njc1lx9407
  2123	njc1lx9425
  2124	njc1lx9447
  2125	njc1lx9455
  2126	njc1lx9461
  2127	njc1lx9471
  2128	njc1lx9488
  2129	njc1lx6332
  2130	njc1lx7170
  2131	njc1lx9004
  2132	njc1lx9030
  2133	njc1lx9052
  2134	njc1lx9072
  2135	njc1lx9106
  2136	njc1lx9122
  2137	njc1lx9124
  2138	njc1lx9135
  2139	njc1lx9137
  2140	njc1lx9185
  2141	njc1lx9194
  2142	njc1lx9213
  2143	njc1lx9297
  2144	njc1lx9332
  2145	njc1lx9337
  2146	njc1lx9348
  2147	njc1lx9351
  2148	njc1lx9354
  2149	njc1lx9360
  2150	njc1lx9386
  2151	njc1lx9426
  2152	njc1lx9473
  2153	hk1padh01
  2154	hk1padh02
  2155	hk1padh03
  2156	hk1padh04
  2157	hk1pads01
  2158	hk1pads02
  2159	hk1pads03
  2160	hk1pads04
  2161	hkg1lx3438
  2162	hkg1lx3682
  2163	hk1qadh01
  2164	hk1qadh02
  2165	hk1qads01
  2166	hk1qads02
  2167	uk1dbeqtrap01
  2168	uk1dbeqtrap02
  2169	uk1padh05
  2170	uk1padh06
  2171	uk1padh09
  2172	uk1padh10
  2173	uk1padh11
  2174	uk1padh12
  2175	uk1pads05
  2176	uk1pads06
  2177	uk1pads09
  2178	uk1pads10
  2179	uk1pads11
  2180	uk1pads12
  2181	uk1peucfh01
  2182	uk1peucfh02
  2183	uk1peucfh03
  2184	uk1peucfh04
  2185	uk1pvdacsrv03
  2186	uk1pvdacsrv04
  2187	uk2padh01
  2188	uk2padh02
  2189	uk2padh03
  2190	uk2padh04
  2191	uk2padh05
  2192	uk2padh06
  2193	uk2pads01
  2194	uk2pads02
  2195	uk2pads03
  2196	uk2pads04
  2197	uk2pads05
  2198	uk2pads06
  2199	uk2peucfh01
  2200	uk2peucfh02
  2201	uk2peucfh03
  2202	uk2peucfh04
  2203	uk2pvdacsrv03
  2204	uk2pvdacsrv04
  2205	uk1qadh01
  2206	uk1qadh02
  2207	uk1qadh03
  2208	uk1qads01
  2209	uk1qads02
  2210	uk1qads03
  2211	usdrvimd01d
  2212	njc1lx0785
  2213	njc1lx1794
  2214	njc1lx2487
  2215	njc2lx2625
  2216	ldn1lx0202
  2217	ldn1lx0203
  2218	ldn1lx9511
  2219	ldn1lx9613
  2220	ldn2lx0202
  2221	ldn2lx0203
  2222	ldn2lx9511
  2223	ldn2lx9521
  2224	ldn2lx9524
  2225	ldn2lx9526
  2226	ldn2lx9527
  2227	ldn2lx9528
  2228	ldn2lx9529
  2229	ldn2lx9613
  2230	njc1lx9225
  2231	njc1lx9402
  2232	sng1lx0035
  2233	sng2lx0035
  2234	sngharvsvr01
  2235	sngharvsvr02
  2236	njc1lx9107
  2237	njc1lx9208
  2238	njc1lx9234
  2239	njc1lx9263
  2240	njc1lx9275
  2241	njc1lx9401
  2242	njc1lx9411
  2243	njc1lx9472
  2244	njc1lx9479
  2245	njc1lx9487
  2246	njc1lx9496
  2247	njc2lx9023
  2248	njc2lx9048
  2249	njc2lx9065
  2250	njc2lx9094
  2251	njc2lx9136
  2252	njc2lx9285
  2253	njc2lx9372
  2254	njc2lx9403
  2255	njc2lx9456
  2256	njc2lx9482
  2257	njc1lx9440
  2258	sng1lx0010
  2259	sng1lx0014
  2260	sng1lx0033
  2261	sng1lx0034
  2262	sng1lx0046
  2263	sng2lx0010
  2264	sng2lx0014
  2265	sng2lx0033
  2266	sng2lx0034
  2267	sng2lx0046
  2268	ldn1lx0030
  2269	ldn1lx0068
  2270	ldn2lx0048
  2271	ldn2lx0049
  2272	ldn2lx0067
  2273	ldn2lx0068
  2274	ldn2lx0069
  2275	ldn2lx0072
  2276	ldn2lx0078
  2277	ldn2lx0079
  2278	ldn2lx0080
  2279	ldn2lx0081
  2280	ldn2lx0084
  2281	ldn2lx0066
  2282	ldn2lx0075
  2283	ldn2lx0082
  2284	ldn2lx0094
  2285	ldn2lx0120
  2286	ldn2lx0121
  2287	ldn2lx0122
  2288	ldn2lx0123
  2289	ldn1lx0021
  2290	ldn1lx0025
  2291	ldn1lx0027
  2292	ldn1lx0032
  2293	ldn1lx0033
  2294	ldn1lx0123
  2295	ldn2lx0020
  2296	ldn2lx0024
  2297	ldn2lx0026
  2298	ldn2lx0032
  2299	ldn2lx0033
  2300	ldn2lx0205
  2301	ldn2lx0250
  2302	ldn2lx0251
  2303	ldn2lx0252
  2304	ldn2lx9620
  2305	ldn2lx9621
  2306	ldn2lx9622
  2307	ldn2lx9623
  2308	ldn2lx9624
  2309	ldn2lx9625
  2310	sng2lx0001
  2311	sng2lx0004
  2312	ldn1lx0039
  2313	ldn1lx0044
  2314	ldn1lx0045
  2315	ldn1lx0207
  2316	ldn2lx0051
  2317	ldn2lx0054
  2318	ldn2lx0207
  2319	ldn1lx0050
  2320	ldn1lx0056
  2321	ldn1lx0057
  2322	ldn1lx0060
  2323	ldn1lx0062
  2324	ldn2lx0204
  2325	ldn2lx0206
  2326	ldn1lx0040
  2327	ldn1lx0050
  2328	ldn1lx0056
  2329	ldn1lx0057
  2330	ldn2lx0204
  2331	ldn2lx0206
  2332	sng2lx0005
  2333	ldn1lx0039
  2334	ldn2lx0051
  2335	ldn1lx0050
  2336	ldn1lx0056
  2337	ldn1lx0057
  2338	ldn1lx0060
  2339	ldn1lx0063
  2340	ldn2lx0204
  2341	ldn2lx0206
  2342	sng2lx0006
  2343	ldn1lx0009
  2344	ldn2lx0008
  2345	ldn1lx0065
  2346	ldn1lx0066
  2347	ldn2lx0010
  2348	ldn1lx0059
  2349	sng2lx0005
  2350	ldn1lx0039
  2351	ldn1lx0044
  2352	ldn1lx0045
  2353	ldn1lx0207
  2354	ldn2lx0051
  2355	ldn2lx0054
  2356	ldn2lx0207
  2357	ldn1lx0050
  2358	ldn1lx0056
  2359	ldn1lx0057
  2360	ldn1lx0060
  2361	ldn1lx0062
  2362	ldn2lx0204
  2363	ldn2lx0206
  2364	ldn1lx0040
  2365	ldn1lx0050
  2366	ldn1lx0056
  2367	ldn1lx0057
  2368	ldn2lx0204
  2369	ldn2lx0206
  2370	sng2lx0004
  2371	sng2lx0006
  2372	ldn1lx0037
  2373	ldn1lx0046
  2374	ldn1lx0048
  2375	ldn1lx0044
  2376	ldn1lx0045
  2377	ldn1lx0207
  2378	ldn2lx0050
  2379	ldn2lx0054
  2380	ldn2lx0056
  2381	ldn2lx0057
  2382	ldn2lx0207
  2383	ldn1lx0050
  2384	ldn1lx0056
  2385	ldn1lx0057
  2386	ldn1lx0060
  2387	ldn1lx0062
  2388	ldn1lx0065
  2389	ldn1lx0066
  2390	ldn2lx0204
  2391	ldn2lx0206
  2392	ldn1lx0038
  2393	ldn1lx0040
  2394	ldn1lx0047
  2395	ldn1lx0049
  2396	ldn1lx0050
  2397	ldn1lx0056
  2398	ldn1lx0057
  2399	ldn2lx0204
  2400	ldn2lx0206
  2401	ldn1lx0050
  2402	ldn1lx0051
  2403	ldn1lx0056
  2404	ldn1lx0057
  2405	ldn1lx0058
  2406	ldn1lx0059
  2407	ldn2lx0204
  2408	ldn2lx0206
  2409	ldn1lx0037
  2410	ldn2lx0050
  2411	ldn1lx0060
  2412	sng2lx0003
  2413	ldn1lx0009
  2414	ldn1lx0044
  2415	ldn1lx0045
  2416	ldn1lx0207
  2417	ldn2lx0008
  2418	ldn2lx0050
  2419	ldn2lx0054
  2420	ldn2lx0207
  2421	ldn1lx0050
  2422	ldn1lx0056
  2423	ldn1lx0057
  2424	ldn1lx0060
  2425	ldn1lx0063
  2426	ldn2lx0204
  2427	ldn2lx0206
  2428	ldn1lx0011
  2429	ldn1lx0050
  2430	ldn1lx0056
  2431	ldn1lx0057
  2432	ldn2lx0010
  2433	ldn2lx0204
  2434	ldn2lx0206
  2435	ldn1lx0050
  2436	ldn1lx0053
  2437	ldn1lx0056
  2438	ldn1lx0057
  2439	ldn2lx0204
  2440	ldn2lx0206
  2441	ldn1lx0065
  2442	sng2lx0001
  2443	sng2lx0005
  2444	ldn1lx0043
  2445	ldn1lx0044
  2446	ldn1lx0045
  2447	ldn1lx0207
  2448	ldn2lx0053
  2449	ldn2lx0054
  2450	ldn2lx0055
  2451	ldn2lx0207
  2452	ldn1lx0050
  2453	ldn1lx0056
  2454	ldn1lx0057
  2455	ldn1lx0061
  2456	ldn1lx0064
  2457	ldn1lx0065
  2458	ldn2lx0204
  2459	ldn2lx0206
  2460	ldn1lx0054
  2461	ldn1lx0055
  2462	ldn1lx0056
  2463	ldn1lx0057
  2464	ldn1lx0065
  2465	ldn2lx0204
  2466	ldn2lx0206
  2467	ldn1lx0050
  2468	ldn1lx0054
  2469	ldn1lx0056
  2470	ldn1lx0057
  2471	ldn1lx0065
  2472	ldn2lx0204
  2473	ldn2lx0206
  2474	sng2lx0001
  2475	sng2lx0002
  2476	sng2lx0007
  2477	br01umatomo01p
  2478	ldnpmseinf01
  2479	ldnpmseinf02
  2480	usadmnb03p
  2481	uk1lbakmed02p
  2482	ukfunb01p
  2483	njc1lx1029
  2484	njc1lx4121
  2485	njc1lx5969
  2486	njc1lx6725
  2487	usdrvsdr01p
  2488	njc1lx3687
  2489	njc1lx7658
  2490	usdrvnfa01s
  2491	usprvsdr01s
  2492	sng1lx0045
  2493	sng2lx0045
  2494	sng1lx0042
  2495	sng1lx0043
  2496	ldn2lx0027
  2497	ldn2lx0037
  2498	us01uoraoem01p
  2499	br01uoemapp01
  2500	us00uoraoem01p
  2501	au01uoraoem01p
  2502	ldn1lx8080
  2503	ldn2lx8080
  2504	ldn2lx8085
  2505	ldn2lx8151
  2506	ldn2lx8152
  2507	ldn2lx8101
  2508	ldn2lx8102
  2509	ldn1lx8101
  2510	ldn1lx8102
  2511	ldn1lx8151
  2512	ldn1lx8152
  2513	njc1lx2803
  2514	njc1lx5815
  2515	njc2lx3019
  2516	njc2lx5318
  2517	nj1puphxac01
  2518	nj1puphxac02
  2519	njc1lx1517
  2520	njc1lx3471
  2521	njc1lx4169
  2522	njc1lx4535
  2523	njc4lx0013
  2524	njc4lx0014
  2525	njc4lx0024
  2526	njc4lx0116
  2527	njc4lx0119
  2528	njc4lx0222
  2529	njc4lx0234
  2530	njc4lx0313
  2531	njc4lx0323
  2532	njc4lx0332
  2533	njc4lx0431
  2534	njc4lx0436
  2535	njc1lx0044
  2536	njc1lx0087
  2537	njc1lx0291
  2538	njc1lx0337
  2539	njc1lx0370
  2540	njc1lx0423
  2541	njc1lx0428
  2542	njc1lx0484
  2543	njc1lx1840
  2544	njc1lx2807
  2545	njc1lx6347
  2546	njc1lx6636
  2547	njc1lx7885
  2548	njc1lx2506
  2549	njc1lx4655
  2550	hk1puphxcl01
  2551	hk1puphxcl02
  2552	hk1puphxdc01
  2553	hk1puphxdc02
  2554	hk1puphxex01
  2555	hk1puphxex02
  2556	hk1qvphxcl03
  2557	hk1qvphxcl04
  2558	hk1qvphxcrt01
  2559	hk1qvphxcrt02
  2560	hk1qvphxcrt03
  2561	hk1qvphxdc01
  2562	hk1qvphxex01
  2563	uk2puphxac01
  2564	uk2puphxac02
  2565	uk2puphxcl01
  2566	uk2puphxcl02
  2567	uk2puphxcl03
  2568	uk2puphxcl04
  2569	uk2puphxdc03
  2570	uk2puphxdc04
  2571	uk2puphxdc05
  2572	uk2puphxdc06
  2573	uk2puphxex01
  2574	uk2puphxex02
  2575	uk2puphxex03
  2576	uk2puphxex04
  2577	uk1pbphxcl01
  2578	uk1pbphxcl02
  2579	uk1pbphxdc03
  2580	uk1pbphxdc04
  2581	uk1pbphxex01
  2582	uk1pbphxex02
  2583	uk1pbphxex03
  2584	uk1pbphxex04
  2585	uk1puphxac01
  2586	uk1puphxac02
  2587	uk1pvphxcrt01
  2588	uk1pvphxcrt02
  2589	uk1pvphxcrt03
  2590	uk1pvphxcrt04
  2591	uk1pvphxcrt05
  2592	uk1pvphxcrt06
  2593	uk1pvphxcrt101
  2594	uk1pvphxcrt102
  2595	uk1pvphxexha03
  2596	uk1pvphxexha04
  2597	uk1pvphxexha101
  2598	uk1pvphxexha102
  2599	uk1pvphxld01
  2600	uk1pvphxld02
  2601	uk2pvphxld01
  2602	uk2pvphxld02
  2603	uk1qbphxcl01
  2604	uk1qbphxcl02
  2605	uk1qbphxdc01
  2606	uk1qbphxdc02
  2607	uk1qbphxex01
  2608	uk1qbphxex02
  2609	uk1qvphxcl01
  2610	uk1qvphxcl02
  2611	uk1qvphxcl03
  2612	uk1qvphxcl11
  2613	uk1qvphxcl12
  2614	uk1qvphxcl13
  2615	uk1qvphxdc01
  2616	uk1qvphxdc02
  2617	uk1qvphxdc03
  2618	uk1qvphxdc11
  2619	uk1qvphxdc12
  2620	uk1qvphxdc13
  2621	uk1qvphxex01
  2622	uk1qvphxex02
  2623	uk1qvphxex03
  2624	uk1qvphxex11
  2625	uk1qvphxex13
  2626	uk1pvphxlduat01
  2627	uk1pvphxlduat02
  2628	uk1qvphdcrt01
  2629	uk1qvphdcrt02
  2630	uk1qvtrdcrt01
  2631	ldnpprminf01
  2632	njc1lx3598
  2633	njc1lx5060
  2634	us01ushrapp14d
  2635	us01ushrapp18d
  2636	njc2lx7655
  2637	us01ucrkgsw01p
  2638	us01ucrkgsw02p
  2639	njc1lx0637
  2640	njc1lx0682
  2641	njc1lx2270
  2642	njc1lx1496
  2643	njc1lx7225
  2644	ldn1lx0140
  2645	ldn2lx0140
  2646	ldn2lx0047
  2647	njc1va3001
  2648	sngpqvsova01
  2649	sngpqvsova02
  2650	sngpqvsova03
  2651	ldn1va1007
  2652	ldn1va1008
  2653	ldn2va1007
  2654	ldn2va1008
  2655	njc1lx2540
  2656	njc1lx7765
  2657	njc1lx5952
  2658	njc1lx5963
  2659	njc1lx6956
  2660	uk1pbeqtrap01
  2661	uk1pbeqtrap02
  2662	uk1qbeqtrap01
  2663	uk1qbeqtrap02
  2664	njc1lx6472
  2665	njc1lx3190
  2666	njc1lx3437
  2667	njc1lx4222
  2668	njc1lx0964
  2669	njc1lx2844
  2670	njc1lx4256
  2671	njc1lx6420
  2672	uk1pbredstr01
  2673	uk1pbredstr02
  2674	uk1qbredstr01
  2675	uk1qbredstr02
  2676	njc1lx3744
  2677	njc1lx7471
  2678	njc2lx5880
  2679	njc2lx5998
  2680	njc2lx6689
  2681	njc1lx2498
  2682	njc1lx6861
  2683	njc2lx4305
  2684	njc2lx7934
  2685	ldnrimsdbprod
  2686	njc1lx0950
  2687	njc1lx1054
  2688	njc1lx1240
  2689	njc1lx1777
  2690	njc1lx4166
  2691	njc1lx4471
  2692	njc1lx5428
  2693	njc1lx5459
  2694	njc1lx6377
  2695	njc1lx7088
  2696	njc1lx7506
  2697	njc1lx7675
  2698	njc1lx0623
  2699	njc1lx1435
  2700	njc1lx1740
  2701	njc1lx5937
  2702	njc1lx7920
  2703	njc1lx0621
  2704	njc1lx0639
  2705	njc1lx1779
  2706	njc1lx2128
  2707	njc1lx3283
  2708	njc1lx3693
  2709	njc1lx4791
  2710	njc1lx6370
  2711	njc1lx6466
  2712	us01uoraman01p
  2713	ldn2lx8080
  2714	ldn1lx8080
  2715	ldn2lx8085
  2716	njc1lx5590
  2717	br01uvspapp01p
  2718	omnicube-ip39-23
  2719	omnicube-ip39-24
  2720	omnicube-ip39-25
  2721	usdrv3par01p
  2722	nj1cvrhs01
  2723	sng1lx1000
  2724	syd1lx1000
  2725	ldn1lx1000
  2726	ldn2lx1000
  2727	ldn1lx7032
  2728	ldn1lx7033
  2729	ldn1lx7044
  2730	ldn2lx7034
  2731	ldn2lx7035
  2732	ldn2lx7045
  2733	ldn1lx7005
  2734	ldn1lx7006
  2735	ldn1lx7038
  2736	ldn2lx7007
  2737	ldn2lx7008
  2738	ldn2lx7039
  2739	ldn1lx7001
  2740	ldn1lx7002
  2741	ldn1lx7036
  2742	ldn2lx2410
  2743	ldn2lx7003
  2744	ldn2lx7004
  2745	ldn2lx7037
  2746	ldn1lx7028
  2747	ldn1lx7029
  2748	ldn1lx7042
  2749	ldn1lx7052
  2750	ldn2lx7030
  2751	ldn2lx7031
  2752	ldn2lx7043
  2753	ldn1lx7020
  2754	ldn1lx7021
  2755	ldn1lx7040
  2756	ldn2lx7022
  2757	ldn2lx7023
  2758	ldn2lx7041
  2759	njc2lx2402
  2760	njc2lx3987
  2761	njc2lx4071
  2762	njc2lx5175
  2763	njc2lx5261
  2764	njc2lx5580
  2765	njc2lx5865
  2766	nj1puflink01
  2767	nj1puflink02
  2768	nj1puflink03
  2769	nj1puflink04
  2770	nj1puflink05
  2771	nj1puflink06
  2772	nj1puflink07
  2773	njc1lx0030
  2774	njc1lx0050
  2775	njc1lx0055
  2776	njc1lx0062
  2777	njc1lx0086
  2778	njc1lx0094
  2779	njc1lx0105
  2780	njc1lx0147
  2781	njc1lx0192
  2782	njc1lx0200
  2783	njc1lx0202
  2784	njc1lx0238
  2785	njc1lx0266
  2786	njc1lx0300
  2787	njc1lx0381
  2788	njc1lx0388
  2789	njc1lx0391
  2790	njc1lx0421
  2791	njc1lx0454
  2792	njc1lx0462
  2793	njc1lx0470
  2794	njc1lx1349
  2795	njc1lx3991
  2796	nj1quflink03
  2797	nj1quflink04
  2798	nj1quflink11
  2799	nj1quflink12
  2800	nj1quflink13
  2801	nj1quflink14
  2802	nj1quflink15
  2803	nj1qukafka02
  2804	njc1lx0149
  2805	njc1lx0165
  2806	njc1lx0166
  2807	njc1lx0209
  2808	njc1lx0258
  2809	njc1lx0293
  2810	njc1lx0348
  2811	njc1lx0349
  2812	njc1lx0426
  2813	njc1lx0437
  2814	njc1lx0495
  2815	njc1lx6571
  2816	njc1lx6708
  2817	hkg2lx0001
  2818	hkg2lx0002
  2819	hkg2lx0003
  2820	hkg2lx0004
  2821	hkg2lx0005
  2822	hkg2lx0006
  2823	hkg2lx0009
  2824	hkg2lx0010
  2825	hkg1lx0006
  2826	hkg1lx0007
  2827	hkg1lx0010
  2828	hkg1lx0011
  2829	njcpindboa01
  2830	usdrora07pn1
  2831	njc1lx3849
  2832	hk1psol01
  2833	hk1psol02
  2834	hk1psoluat01
  2835	uk2psol01
  2836	uk2psol02
  2837	uk2psoluat01
  2838	uk1psol01
  2839	uk1psol02
  2840	uk1psoluat02
  2841	seo1lx0010
  2842	seo1lx0011
  2843	seo1lx0012
  2844	seo1lx0013
  2845	seo1lx0014
  2846	seo1lx0015
  2847	nj1qbac02
  2848	uk1pvstatstr01
  2849	uk1qbac02
  2850	uk1qvstatstr01
  2851	uk1qvstr01
  2852	uk1qvstr02
  2853	uk1qvstr03
  2854	uk1qvstr04
  2855	uk1qvstr11
  2856	uk1qvstrva01
  2857	uk1qvstrva11
  2858	ldnpstwcol01
  2859	ldnpstwmgt01
  2860	nj1quanl01
  2861	nj1quanl02
  2862	nj1puanl01
  2863	nj1puanl02
  2864	nj1quanl01
  2865	nj1quanl02
  2866	hk1puanl02
  2867	uk1puanl01
  2868	njc1lx2783
  2869	njc1lx5036
  2870	njc1lx6628
  2871	njc1lx6671
  2872	njc1lx7724
  2873	njc2lx3661
  2874	njc2lx4861
  2875	njc2lx5865
  2876	njc1lx0758
  2877	njc1lx2354
  2878	njc1lx3087
  2879	njc1lx3668
  2880	njc1lx4972
  2881	njc1lx5808
  2882	njc1lx2090
  2883	njc1lx2651
  2884	njc1lx2744
  2885	njc1lx4176
  2886	njc1lx5002
  2887	njc1lx5288
  2888	njc1lx6495
  2889	hkg1lx0023
  2890	hkg1lx0024
  2891	hkg1lx0025
  2892	hkg1lx0026
  2893	hkg1lx0015
  2894	hkg1lx0016
  2895	hkg1lx0017
  2896	hkg1lx0018
  2897	br00utemapp01t
  2898	brsptema05
  2899	sg3thousandeyes
  2900	arkthousandeyes
  2901	ld5thousandeyes
  2902	njc1lx0040
  2903	njc2lx1032
  2904	njc2lx3383
  2905	njc2lx4156
  2906	njc2lx4544
  2907	njc1lx0160
  2908	njc1lx0236
  2909	njc1lx0244
  2910	njc1lx0262
  2911	njc1lx0079
  2912	njc1lx0311
  2913	njc1lx0356
  2914	njc1lx0442
  2915	njc1lx5171
  2916	njc1lx7448
  2917	njc2lx4117
  2918	njc2lx5850
  2919	njc1lx1007
  2920	njc1lx1573
  2921	njc1lx3341
  2922	njc1lx4014
  2923	njc1lx4330
  2924	njc1lx4720
  2925	njc1lx6109
  2926	njc1lx7508
  2927	njc1lx2404
  2928	njc1lx2723
  2929	njc1lx4135
  2930	njc1lx4875
  2931	njc1lx6372
  2932	njc1lx7412
  2933	njc1lx7731
  2934	njc1lx0900
  2935	njc1lx3051
  2936	njc1lx0968
  2937	njc1lx1132
  2938	njc1lx1916
  2939	njc1lx2066
  2940	njc1lx4721
  2941	njc2lx5257
  2942	njc2lx5745
  2943	njc1lx0109
  2944	njc1lx0199
  2945	njc1lx0326
  2946	njc1lx2465
  2947	njc1lx0357
  2948	hk1pvtpoint01
  2949	hk1pvtpoint02
  2950	hkg2lx0007
  2951	hkg2lx0008
  2952	hkg1lx0009
  2953	hkg1lx0014
  2954	uk2putpoint01
  2955	uk2putpoint02
  2956	uk1putpoint01
  2957	uk1putpoint02
  2958	njc1lx2801
  2959	usdrvagcybe01p
  2960	njc1lx1633
  2961	njc1lx0511
  2962	njc1lx2067
  2963	njc1lx2475
  2964	njc1lx2760
  2965	njc1lx2869
  2966	njc1lx3885
  2967	njc1lx4707
  2968	njc1lx5199
  2969	njc1lx6265
  2970	njc1lx6436
  2971	njc1lx7867
  2972	njc2lx0895
  2973	njc1lx1271
  2974	njc1lx1587
  2975	njc1lx1719
  2976	njc1lx2658
  2977	njc1lx3217
  2978	njc1lx33511
  2979	njc1lx3709
  2980	njc1lx6631
  2981	njc1lx6876
  2982	njc1lx7200
  2983	njc1lx7826
  2984	njc1lx3775
  2985	njc1lx5415
  2986	njc1lx2820
  2987	njc1lx4400
  2988	nsdemo03
  2989	nsdemo04
  2990	nsdemoadm01
  2991	nsadm03
  2992	nscipn03
  2993	nscipn04
  2994	nsint03
  2995	nsint04
  2996	njc1lx0481
  2997	njc2lx0238
  2998	usnycsgc-dcn-tuf
  2999	usdrvnfs01d
  3000	usdrvpbjs01d
  3001	usdrvpbjs01s
  3002	usdrvpbs02d
  3003	usdrvrepo01d
  3004	usdrvrepo02d
  3005	usdrvwiki01d
  3006	br01ugitapp01p
  3007	ldn1lx7814
  3008	ldn2lx3649
  3009	nj1cvansible01
  3010	njc1lx1256
  3011	njc2lx4163
  3012	njcdrh7bld01
  3013	us01uinfapp01p
  3014	usdrvadm07p
  3015	usdrvarch01p
  3016	usdrvnfs01p
  3017	usdrvpbjs01p
  3018	usdrvpbjs02p
  3019	usdrvpbs01p
  3020	usdrvpbs02p
  3021	usprvrepo01d
  3022	gtn-ldn-prod-template
  3023	syd1lx0001
  3024	syd2lx0001
  3025	syd2lx0002
  3026	sng1lx2917
  3027	ldn2lx0001
  3028	ldn2lx0002
  3029	ldn2lx0003
  3030	ldn2lx0005
  3031	ldn1lx0035
  3032	ldn1lx2009
  3033	ldn1lx4063
  3034	ldn2lx4125
  3035	ldnpinfuxm05
  3036	uk1cvrsync01
  3037	uk1pdnsgrid01
  3038	uk1pkss01
  3039	uk1pvcertftp01
  3040	njcpindboa01
  3041	njc1va0001
  3042	njc2va0001
  3043	njcesxvsvc01
  3044	sng1va0001
  3045	sng2va0001
  3046	syd1va0001
  3047	syd2va0001
  3048	arkpinfvca01
  3049	ld5pinfvca01
  3050	uk1cvcenter01
  3051	njc1lx2379
  3052	njc2lx0529
  3053	njc2lx1504
  3054	njc2lx2438
  3055	njc2lx4410
  3056	njc2lx7225
  3057	njc1lx0911
  3058	njc1lx1468
  3059	njc1lx3337
  3060	njc1lx4994
  3061	njc1lx5027
  3062	njc1lx5364
  3063	njc1lx6778
  3064	us00usbkapp01p
  3065	njc1lx1202
  3066	njc1lx3480
  3067	us00usbkapp01s
  3068	au00lbakfss01p
  3069	njc1va0001
  3070	njc2va0001
  3071	arkpinfsrm01
  3072	uk1cvcenter01
  3073	uk1cvcenter01-witness
  3074	uk1cvcenter01-peer
  3075	uk1cvpsc01
  3076	uk1cvpsc02
  3077	njc1lx3325
  3078	njc1lx4310
  3079	njc2lx3417
  3080	njc2lx7467
  3081	njc1lx0675
  3082	brzpinfzbx01
