
[sssd]
domains = corp.ad.tullib.com
config_file_version = 2
services = nss, pam

[domain/corp.ad.tullib.com]
ad_server = NJC1WS0001.corp.ad.tullib.com, NJC2WS0002.corp.ad.tullib.com
ad_domain = corp.ad.tullib.com
krb5_realm = CORP.AD.TULLIB.COM
realmd_tags = manages-system joined-with-samba
cache_credentials = True
id_provider = ad
krb5_store_password_if_offline = True
default_shell = /bin/bash
ldap_id_mapping = True
use_fully_qualified_names = False
fallback_homedir = /home/%u
access_provider = simple
simple_allow_groups = $, corp-deployment-services-linux, corp-production-support-linux, corp-ln-l1noc-linux, corp-ln-md-prod, corp-unixsa-linux
simple_allow_users = $
dyndns_update = false
override_gid = 1001